"../../../Engine/Content/EditorResources/S_Actor.ubulk" 0
"../../../Engine/Content/EditorResources/S_Actor.uasset" 1
"../../../Engine/Content/EditorResources/S_Actor.uexp" 2
"../../../Engine/Content/EditorResources/S_BoxReflectionCapture.uasset" 3
"../../../Engine/Content/EditorResources/S_BoxReflectionCapture.uexp" 4
"../../../Engine/Content/EngineResources/DefaultTexture.ubulk" 5
"../../../Engine/Content/EngineResources/DefaultTexture.uasset" 6
"../../../Engine/Content/EngineResources/DefaultTexture.uexp" 7
"../../../Engine/Content/EngineResources/DefaultTextureCube.uasset" 8
"../../../Engine/Content/EngineResources/DefaultTextureCube.uexp" 9
"../../../Engine/Content/EngineResources/DefaultVolumeTexture2D.uasset" 10
"../../../Engine/Content/EngineResources/DefaultVolumeTexture2D.uexp" 11
"../../../Engine/Content/EngineResources/DefaultVolumeTexture.uasset" 12
"../../../Engine/Content/EngineResources/DefaultVolumeTexture.uexp" 13
"../../../Engine/Content/EditorResources/S_Trigger.ubulk" 14
"../../../Engine/Content/EditorResources/S_Trigger.uasset" 15
"../../../Engine/Content/EditorResources/S_Trigger.uexp" 16
"../../../Engine/Content/EditorResources/S_TriggerBox.uasset" 17
"../../../Engine/Content/EditorResources/S_TriggerBox.uexp" 18
"../../../Engine/Content/EditorResources/S_TriggerCapsule.uasset" 19
"../../../Engine/Content/EditorResources/S_TriggerCapsule.uexp" 20
"../../../Engine/Content/EditorResources/S_TriggerSphere.uasset" 21
"../../../Engine/Content/EditorResources/S_TriggerSphere.uexp" 22
"../../../Engine/Content/EngineMeshes/Sphere.ubulk" 23
"../../../Engine/Content/EngineMeshes/Sphere.uasset" 24
"../../../Engine/Content/EngineMeshes/Sphere.uexp" 25
"../../../Engine/Content/EngineResources/GradientTexture0.uasset" 26
"../../../Engine/Content/EngineResources/GradientTexture0.uexp" 27
"../../../Engine/Content/EngineResources/Black.uasset" 28
"../../../Engine/Content/EngineResources/Black.uexp" 29
"../../../Engine/Content/VREditor/LaserPointer/VR_LaserPower_01.ubulk" 30
"../../../Engine/Content/VREditor/LaserPointer/VR_LaserPower_01.uasset" 31
"../../../Engine/Content/VREditor/LaserPointer/VR_LaserPower_01.uexp" 32
"../../../Engine/Content/VREditor/TransformGizmo/TransformGizmoMaterial.uasset" 33
"../../../Engine/Content/VREditor/TransformGizmo/TransformGizmoMaterial.uexp" 34
"../../../Engine/Content/VREditor/TransformGizmo/TranslucentTransformGizmoMaterial.uasset" 35
"../../../Engine/Content/VREditor/TransformGizmo/TranslucentTransformGizmoMaterial.uexp" 36
"../../../Engine/Content/VREditor/TransformGizmo/BoundingBoxCorner.ubulk" 37
"../../../Engine/Content/VREditor/TransformGizmo/BoundingBoxCorner.uasset" 38
"../../../Engine/Content/VREditor/TransformGizmo/BoundingBoxCorner.uexp" 39
"../../../Engine/Content/VREditor/TransformGizmo/BoundingBoxEdge.ubulk" 40
"../../../Engine/Content/VREditor/TransformGizmo/BoundingBoxEdge.uasset" 41
"../../../Engine/Content/VREditor/TransformGizmo/BoundingBoxEdge.uexp" 42
"../../../Engine/Content/VREditor/TransformGizmo/Main.uasset" 43
"../../../Engine/Content/VREditor/TransformGizmo/Main.uexp" 44
"../../../Engine/Content/VREditor/TransformGizmo/Xray.uasset" 45
"../../../Engine/Content/VREditor/TransformGizmo/Xray.uexp" 46
"../../../Engine/Content/VREditor/TransformGizmo/SM_Sequencer_Node.ubulk" 47
"../../../Engine/Content/VREditor/TransformGizmo/SM_Sequencer_Node.uasset" 48
"../../../Engine/Content/VREditor/TransformGizmo/SM_Sequencer_Node.uexp" 49
"../../../Engine/Content/EditorResources/S_Solver.ubulk" 50
"../../../Engine/Content/EditorResources/S_Solver.uasset" 51
"../../../Engine/Content/EditorResources/S_Solver.uexp" 52
"../../../Engine/Content/EditorMaterials/Camera/CineMat.uasset" 53
"../../../Engine/Content/EditorMaterials/Camera/CineMat.uexp" 54
"../../../Engine/Content/EditorMaterials/Camera/MI_CineMat_Rig.uasset" 55
"../../../Engine/Content/EditorMaterials/Camera/MI_CineMat_Rig.uexp" 56
"../../../Engine/Content/EditorMeshes/Camera/SM_CraneRig_Base.ubulk" 57
"../../../Engine/Content/EditorMeshes/Camera/SM_CraneRig_Base.uasset" 58
"../../../Engine/Content/EditorMeshes/Camera/SM_CraneRig_Base.uexp" 59
"../../../Engine/Content/EditorMeshes/Camera/SM_CraneRig_Arm.ubulk" 60
"../../../Engine/Content/EditorMeshes/Camera/SM_CraneRig_Arm.uasset" 61
"../../../Engine/Content/EditorMeshes/Camera/SM_CraneRig_Arm.uexp" 62
"../../../Engine/Content/EditorMeshes/Camera/SM_CraneRig_Mount.ubulk" 63
"../../../Engine/Content/EditorMeshes/Camera/SM_CraneRig_Mount.uasset" 64
"../../../Engine/Content/EditorMeshes/Camera/SM_CraneRig_Mount.uexp" 65
"../../../Engine/Content/EditorMeshes/Camera/SM_CraneRig_Body.ubulk" 66
"../../../Engine/Content/EditorMeshes/Camera/SM_CraneRig_Body.uasset" 67
"../../../Engine/Content/EditorMeshes/Camera/SM_CraneRig_Body.uexp" 68
"../../../Engine/Content/EditorMeshes/Camera/SM_RailRig_Track.ubulk" 69
"../../../Engine/Content/EditorMeshes/Camera/SM_RailRig_Track.uasset" 70
"../../../Engine/Content/EditorMeshes/Camera/SM_RailRig_Track.uexp" 71
"../../../Engine/Content/EditorMeshes/Camera/SM_RailRig_Mount.ubulk" 72
"../../../Engine/Content/EditorMeshes/Camera/SM_RailRig_Mount.uasset" 73
"../../../Engine/Content/EditorMeshes/Camera/SM_RailRig_Mount.uexp" 74
"../../../Engine/Content/EngineMaterials/T_Default_Material_Grid_M.ubulk" 75
"../../../Engine/Content/EngineMaterials/T_Default_Material_Grid_M.uasset" 76
"../../../Engine/Content/EngineMaterials/T_Default_Material_Grid_M.uexp" 77
"../../../Engine/Content/EngineMaterials/T_Default_Material_Grid_N.ubulk" 78
"../../../Engine/Content/EngineMaterials/T_Default_Material_Grid_N.uasset" 79
"../../../Engine/Content/EngineMaterials/T_Default_Material_Grid_N.uexp" 80
"../../../Engine/Content/Functions/Engine_MaterialFunctions01/Opacity/CameraDepthFade.uasset" 81
"../../../Engine/Content/Functions/Engine_MaterialFunctions01/Opacity/CameraDepthFade.uexp" 82
"../../../Engine/Content/EngineMaterials/WorldGridMaterial.uasset" 83
"../../../Engine/Content/EngineMaterials/WorldGridMaterial.uexp" 84
"../../../Engine/Content/ArtTools/RenderToTexture/Meshes/S_1_Unit_Plane.ubulk" 85
"../../../Engine/Content/ArtTools/RenderToTexture/Meshes/S_1_Unit_Plane.uasset" 86
"../../../Engine/Content/ArtTools/RenderToTexture/Meshes/S_1_Unit_Plane.uexp" 87
"../../../Engine/Content/EditorMaterials/ParticleSystems/PSysThumbnail_NoImage.ubulk" 88
"../../../Engine/Content/EditorMaterials/ParticleSystems/PSysThumbnail_NoImage.uasset" 89
"../../../Engine/Content/EditorMaterials/ParticleSystems/PSysThumbnail_NoImage.uexp" 90
"../../../Engine/Content/EditorMaterials/ParticleSystems/PSysThumbnail_OOD.ubulk" 91
"../../../Engine/Content/EditorMaterials/ParticleSystems/PSysThumbnail_OOD.uasset" 92
"../../../Engine/Content/EditorMaterials/ParticleSystems/PSysThumbnail_OOD.uexp" 93
"../../../Engine/Content/EditorLandscapeResources/SplineEditorMeshMat.uasset" 94
"../../../Engine/Content/EditorLandscapeResources/SplineEditorMeshMat.uexp" 95
"../../../Engine/Content/EditorLandscapeResources/SplineEditorMesh.ubulk" 96
"../../../Engine/Content/EditorLandscapeResources/SplineEditorMesh.uasset" 97
"../../../Engine/Content/EditorLandscapeResources/SplineEditorMesh.uexp" 98
"../../../Engine/Plugins/Media/MediaPlate/Content/SM_MediaPlateScreen.ubulk" 99
"../../../Engine/Plugins/Media/MediaPlate/Content/SM_MediaPlateScreen.uasset" 100
"../../../Engine/Plugins/Media/MediaPlate/Content/SM_MediaPlateScreen.uexp" 101
"../../../Engine/Content/EngineMaterials/DefaultBokeh.uasset" 102
"../../../Engine/Content/EngineMaterials/DefaultBokeh.uexp" 103
"../../../Engine/Content/EngineMaterials/MiniFont.uasset" 104
"../../../Engine/Content/EngineMaterials/MiniFont.uexp" 105
"../../../Engine/Content/EngineMaterials/WeightMapPlaceholderTexture.uasset" 106
"../../../Engine/Content/EngineMaterials/WeightMapPlaceholderTexture.uexp" 107
"../../../Engine/Content/EngineMaterials/WeightMapArrayPlaceholderTexture.uasset" 108
"../../../Engine/Content/EngineMaterials/WeightMapArrayPlaceholderTexture.uexp" 109
"../../../Engine/Content/EngineMaterials/DefaultWhiteGrid.ubulk" 110
"../../../Engine/Content/EngineMaterials/DefaultWhiteGrid.uasset" 111
"../../../Engine/Content/EngineMaterials/DefaultWhiteGrid.uexp" 112
"../../../Engine/Content/EngineMaterials/PreintegratedSkinBRDF.uasset" 113
"../../../Engine/Content/EngineMaterials/PreintegratedSkinBRDF.uexp" 114
"../../../Engine/Plugins/Runtime/MeshModelingToolset/Content/Materials/M_DynamicMeshComponentVtxColor.uasset" 115
"../../../Engine/Plugins/Runtime/MeshModelingToolset/Content/Materials/M_DynamicMeshComponentVtxColor.uexp" 116
"../../../Engine/Plugins/Interchange/Runtime/Content/Pipelines/DefaultTexturePipeline.uasset" 117
"../../../Engine/Plugins/Interchange/Runtime/Content/Pipelines/DefaultTexturePipeline.uexp" 118
"../../../Engine/Plugins/Interchange/Runtime/Content/Pipelines/DefaultSceneLevelPipeline.uasset" 119
"../../../Engine/Plugins/Interchange/Runtime/Content/Pipelines/DefaultSceneLevelPipeline.uexp" 120
"../../../Engine/Plugins/Interchange/Runtime/Content/Pipelines/DefaultSceneAssetsPipeline.uasset" 121
"../../../Engine/Plugins/Interchange/Runtime/Content/Pipelines/DefaultSceneAssetsPipeline.uexp" 122
"../../../Engine/Plugins/Interchange/Runtime/Content/Pipelines/DefaultMaterialXPipeline.uasset" 123
"../../../Engine/Plugins/Interchange/Runtime/Content/Pipelines/DefaultMaterialXPipeline.uexp" 124
"../../../Engine/Plugins/Interchange/Runtime/Content/Pipelines/DefaultMaterialPipeline.uasset" 125
"../../../Engine/Plugins/Interchange/Runtime/Content/Pipelines/DefaultMaterialPipeline.uexp" 126
"../../../Engine/Plugins/Interchange/Runtime/Content/Pipelines/DefaultGLTFSceneAssetsPipeline.uasset" 127
"../../../Engine/Plugins/Interchange/Runtime/Content/Pipelines/DefaultGLTFSceneAssetsPipeline.uexp" 128
"../../../Engine/Plugins/Interchange/Runtime/Content/Pipelines/DefaultGLTFPipeline.uasset" 129
"../../../Engine/Plugins/Interchange/Runtime/Content/Pipelines/DefaultGLTFPipeline.uexp" 130
"../../../Engine/Plugins/Interchange/Runtime/Content/Pipelines/DefaultGLTFAssetsPipeline.uasset" 131
"../../../Engine/Plugins/Interchange/Runtime/Content/Pipelines/DefaultGLTFAssetsPipeline.uexp" 132
"../../../Engine/Plugins/Interchange/Runtime/Content/Pipelines/DefaultAssetsPipeline.uasset" 133
"../../../Engine/Plugins/Interchange/Runtime/Content/Pipelines/DefaultAssetsPipeline.uexp" 134
"../../../Engine/Plugins/Interchange/Runtime/Content/gltf/MaterialFunctions/MF_RotateV2.uasset" 135
"../../../Engine/Plugins/Interchange/Runtime/Content/gltf/MaterialFunctions/MF_RotateV2.uexp" 136
"../../../Engine/Plugins/Interchange/Runtime/Content/gltf/MaterialFunctions/MF_TransformUVs.uasset" 137
"../../../Engine/Plugins/Interchange/Runtime/Content/gltf/MaterialFunctions/MF_TransformUVs.uexp" 138
"../../../Engine/Plugins/Interchange/Runtime/Content/gltf/Textures/T_White_srgb.uasset" 139
"../../../Engine/Plugins/Interchange/Runtime/Content/gltf/Textures/T_White_srgb.uexp" 140
"../../../Engine/Plugins/Interchange/Runtime/Content/gltf/MaterialFunctions/MF_BaseColor.uasset" 141
"../../../Engine/Plugins/Interchange/Runtime/Content/gltf/MaterialFunctions/MF_BaseColor.uexp" 142
"../../../Engine/Plugins/Interchange/Runtime/Content/gltf/MaterialBodies/MF_Unlit_Body.uasset" 143
"../../../Engine/Plugins/Interchange/Runtime/Content/gltf/MaterialBodies/MF_Unlit_Body.uexp" 144
"../../../Engine/Plugins/Interchange/Runtime/Content/gltf/M_Unlit.uasset" 145
"../../../Engine/Plugins/Interchange/Runtime/Content/gltf/M_Unlit.uexp" 146
"../../../Engine/Plugins/Interchange/Runtime/Content/gltf/MaterialInstances/MI_Unlit_Opaque_DS.uasset" 147
"../../../Engine/Plugins/Interchange/Runtime/Content/gltf/MaterialInstances/MI_Unlit_Opaque_DS.uexp" 148
"../../../Engine/Plugins/Interchange/Runtime/Content/gltf/MaterialInstances/MI_Unlit_Opaque.uasset" 149
"../../../Engine/Plugins/Interchange/Runtime/Content/gltf/MaterialInstances/MI_Unlit_Opaque.uexp" 150
"../../../Engine/Plugins/Interchange/Runtime/Content/gltf/MaterialInstances/MI_Unlit_Mask_DS.uasset" 151
"../../../Engine/Plugins/Interchange/Runtime/Content/gltf/MaterialInstances/MI_Unlit_Mask_DS.uexp" 152
"../../../Engine/Plugins/Interchange/Runtime/Content/gltf/MaterialInstances/MI_Unlit_Mask.uasset" 153
"../../../Engine/Plugins/Interchange/Runtime/Content/gltf/MaterialInstances/MI_Unlit_Mask.uexp" 154
"../../../Engine/Plugins/Interchange/Runtime/Content/gltf/MaterialInstances/MI_Unlit_Blend_DS.uasset" 155
"../../../Engine/Plugins/Interchange/Runtime/Content/gltf/MaterialInstances/MI_Unlit_Blend_DS.uexp" 156
"../../../Engine/Plugins/Interchange/Runtime/Content/gltf/MaterialInstances/MI_Unlit_Blend.uasset" 157
"../../../Engine/Plugins/Interchange/Runtime/Content/gltf/MaterialInstances/MI_Unlit_Blend.uexp" 158
"../../../Engine/Content/Functions/Engine_MaterialFunctions02/Utility/BreakOutFloat3Components.uasset" 159
"../../../Engine/Content/Functions/Engine_MaterialFunctions02/Utility/BreakOutFloat3Components.uexp" 160
"../../../Engine/Content/Functions/Engine_MaterialFunctions02/Math/Transform3x3Matrix.uasset" 161
"../../../Engine/Content/Functions/Engine_MaterialFunctions02/Math/Transform3x3Matrix.uexp" 162
"../../../Engine/Content/Functions/Engine_MaterialFunctions02/Utility/CameraDirectionVector.uasset" 163
"../../../Engine/Content/Functions/Engine_MaterialFunctions02/Utility/CameraDirectionVector.uexp" 164
"../../../Engine/Plugins/Interchange/Runtime/Content/Utilities/New_LUT.uasset" 165
"../../../Engine/Plugins/Interchange/Runtime/Content/Utilities/New_LUT.uexp" 166
"../../../Engine/Content/Functions/Engine_MaterialFunctions03/Math/RemapValueRange.uasset" 167
"../../../Engine/Content/Functions/Engine_MaterialFunctions03/Math/RemapValueRange.uexp" 168
"../../../Engine/Plugins/Interchange/Runtime/Content/Functions/MF_Iridescence.uasset" 169
"../../../Engine/Plugins/Interchange/Runtime/Content/Functions/MF_Iridescence.uexp" 170
"../../../Engine/Plugins/Interchange/Runtime/Content/gltf/MaterialFunctions/MF_Iridescence.uasset" 171
"../../../Engine/Plugins/Interchange/Runtime/Content/gltf/MaterialFunctions/MF_Iridescence.uexp" 172
"../../../Engine/Plugins/Interchange/Runtime/Content/gltf/Textures/T_White_Linear.uasset" 173
"../../../Engine/Plugins/Interchange/Runtime/Content/gltf/Textures/T_White_Linear.uexp" 174
"../../../Engine/Plugins/Interchange/Runtime/Content/gltf/MaterialFunctions/MF_MetallicRoughness.uasset" 175
"../../../Engine/Plugins/Interchange/Runtime/Content/gltf/MaterialFunctions/MF_MetallicRoughness.uexp" 176
"../../../Engine/Plugins/Interchange/Runtime/Content/gltf/MaterialFunctions/MF_Transmission.uasset" 177
"../../../Engine/Plugins/Interchange/Runtime/Content/gltf/MaterialFunctions/MF_Transmission.uexp" 178
"../../../Engine/Plugins/Interchange/Runtime/Content/gltf/MaterialFunctions/MF_Occlusion.uasset" 179
"../../../Engine/Plugins/Interchange/Runtime/Content/gltf/MaterialFunctions/MF_Occlusion.uexp" 180
"../../../Engine/Content/EngineMaterials/Good64x64TilingNoiseHighFreq.uasset" 181
"../../../Engine/Content/EngineMaterials/Good64x64TilingNoiseHighFreq.uexp" 182
"../../../Engine/Content/Functions/Engine_MaterialFunctions02/Texturing/ScreenAlignedPixelToPixelUVs.uasset" 183
"../../../Engine/Content/Functions/Engine_MaterialFunctions02/Texturing/ScreenAlignedPixelToPixelUVs.uexp" 184
"../../../Engine/Plugins/Interchange/Runtime/Content/gltf/MaterialFunctions/MF_Temporal_Blur.uasset" 185
"../../../Engine/Plugins/Interchange/Runtime/Content/gltf/MaterialFunctions/MF_Temporal_Blur.uexp" 186
"../../../Engine/Plugins/Interchange/Runtime/Content/gltf/MaterialFunctions/MF_Specular.uasset" 187
"../../../Engine/Plugins/Interchange/Runtime/Content/gltf/MaterialFunctions/MF_Specular.uexp" 188
"../../../Engine/Plugins/Interchange/Runtime/Content/gltf/MaterialFunctions/MF_IOR.uasset" 189
"../../../Engine/Plugins/Interchange/Runtime/Content/gltf/MaterialFunctions/MF_IOR.uexp" 190
"../../../Engine/Plugins/Interchange/Runtime/Content/gltf/MaterialFunctions/MF_Fresnel_DS.uasset" 191
"../../../Engine/Plugins/Interchange/Runtime/Content/gltf/MaterialFunctions/MF_Fresnel_DS.uexp" 192
"../../../Engine/Content/Functions/Engine_MaterialFunctions02/Utility/MakeFloat3.uasset" 193
"../../../Engine/Content/Functions/Engine_MaterialFunctions02/Utility/MakeFloat3.uexp" 194
"../../../Engine/Plugins/Interchange/Runtime/Content/gltf/MaterialFunctions/MF_RotateNormals_TS.uasset" 195
"../../../Engine/Plugins/Interchange/Runtime/Content/gltf/MaterialFunctions/MF_RotateNormals_TS.uexp" 196
"../../../Engine/Plugins/Interchange/Runtime/Content/gltf/Textures/T_Generic_N.uasset" 197
"../../../Engine/Plugins/Interchange/Runtime/Content/gltf/Textures/T_Generic_N.uexp" 198
"../../../Engine/Plugins/Interchange/Runtime/Content/gltf/MaterialFunctions/MF_Normals.uasset" 199
"../../../Engine/Plugins/Interchange/Runtime/Content/gltf/MaterialFunctions/MF_Normals.uexp" 200
"../../../Engine/Plugins/Interchange/Runtime/Content/gltf/MaterialBodies/MF_Transmission_Body.uasset" 201
"../../../Engine/Plugins/Interchange/Runtime/Content/gltf/MaterialBodies/MF_Transmission_Body.uexp" 202
"../../../Engine/Plugins/Interchange/Runtime/Content/gltf/M_Transmission.uasset" 203
"../../../Engine/Plugins/Interchange/Runtime/Content/gltf/M_Transmission.uexp" 204
"../../../Engine/Plugins/Interchange/Runtime/Content/gltf/MaterialInstances/MI_Transmission_DS.uasset" 205
"../../../Engine/Plugins/Interchange/Runtime/Content/gltf/MaterialInstances/MI_Transmission_DS.uexp" 206
"../../../Engine/Plugins/Interchange/Runtime/Content/gltf/MaterialInstances/MI_Transmission.uasset" 207
"../../../Engine/Plugins/Interchange/Runtime/Content/gltf/MaterialInstances/MI_Transmission.uexp" 208
"../../../Engine/Plugins/Interchange/Runtime/Content/gltf/MaterialFunctions/MF_DiffuseSpecGloss.uasset" 209
"../../../Engine/Plugins/Interchange/Runtime/Content/gltf/MaterialFunctions/MF_DiffuseSpecGloss.uexp" 210
"../../../Engine/Content/Functions/Engine_MaterialFunctions02/Math/AddComponents.uasset" 211
"../../../Engine/Content/Functions/Engine_MaterialFunctions02/Math/AddComponents.uexp" 212
"../../../Engine/Plugins/Interchange/Runtime/Content/gltf/MaterialFunctions/MF_PerceivedBrightness.uasset" 213
"../../../Engine/Plugins/Interchange/Runtime/Content/gltf/MaterialFunctions/MF_PerceivedBrightness.uexp" 214
"../../../Engine/Plugins/Interchange/Runtime/Content/gltf/MaterialFunctions/MF_Emissive.uasset" 215
"../../../Engine/Plugins/Interchange/Runtime/Content/gltf/MaterialFunctions/MF_Emissive.uexp" 216
"../../../Engine/Plugins/Interchange/Runtime/Content/gltf/MaterialFunctions/MF_SpecGlossToMetalRoughness.uasset" 217
"../../../Engine/Plugins/Interchange/Runtime/Content/gltf/MaterialFunctions/MF_SpecGlossToMetalRoughness.uexp" 218
"../../../Engine/Plugins/Interchange/Runtime/Content/gltf/MaterialBodies/MF_SpecularGlossiness_Body.uasset" 219
"../../../Engine/Plugins/Interchange/Runtime/Content/gltf/MaterialBodies/MF_SpecularGlossiness_Body.uexp" 220
"../../../Engine/Plugins/Interchange/Runtime/Content/gltf/M_SpecularGlossiness.uasset" 221
"../../../Engine/Plugins/Interchange/Runtime/Content/gltf/M_SpecularGlossiness.uexp" 222
"../../../Engine/Plugins/Interchange/Runtime/Content/gltf/MaterialInstances/MI_SpecularGlossiness_Opaque_DS.uasset" 223
"../../../Engine/Plugins/Interchange/Runtime/Content/gltf/MaterialInstances/MI_SpecularGlossiness_Opaque_DS.uexp" 224
"../../../Engine/Plugins/Interchange/Runtime/Content/gltf/MaterialInstances/MI_SpecularGlossiness_Opaque.uasset" 225
"../../../Engine/Plugins/Interchange/Runtime/Content/gltf/MaterialInstances/MI_SpecularGlossiness_Opaque.uexp" 226
"../../../Engine/Plugins/Interchange/Runtime/Content/gltf/MaterialInstances/MI_SpecularGlossiness_Mask_DS.uasset" 227
"../../../Engine/Plugins/Interchange/Runtime/Content/gltf/MaterialInstances/MI_SpecularGlossiness_Mask_DS.uexp" 228
"../../../Engine/Plugins/Interchange/Runtime/Content/gltf/MaterialInstances/MI_SpecularGlossiness_Mask.uasset" 229
"../../../Engine/Plugins/Interchange/Runtime/Content/gltf/MaterialInstances/MI_SpecularGlossiness_Mask.uexp" 230
"../../../Engine/Plugins/Interchange/Runtime/Content/gltf/MaterialInstances/MI_SpecularGlossiness_Blend_DS.uasset" 231
"../../../Engine/Plugins/Interchange/Runtime/Content/gltf/MaterialInstances/MI_SpecularGlossiness_Blend_DS.uexp" 232
"../../../Engine/Plugins/Interchange/Runtime/Content/gltf/MaterialInstances/MI_SpecularGlossiness_Blend.uasset" 233
"../../../Engine/Plugins/Interchange/Runtime/Content/gltf/MaterialInstances/MI_SpecularGlossiness_Blend.uexp" 234
"../../../Engine/Plugins/Interchange/Runtime/Content/gltf/MaterialFunctions/MF_Sheen.uasset" 235
"../../../Engine/Plugins/Interchange/Runtime/Content/gltf/MaterialFunctions/MF_Sheen.uexp" 236
"../../../Engine/Plugins/Interchange/Runtime/Content/gltf/MaterialBodies/MF_Sheen_Body.uasset" 237
"../../../Engine/Plugins/Interchange/Runtime/Content/gltf/MaterialBodies/MF_Sheen_Body.uexp" 238
"../../../Engine/Plugins/Interchange/Runtime/Content/gltf/M_Sheen.uasset" 239
"../../../Engine/Plugins/Interchange/Runtime/Content/gltf/M_Sheen.uexp" 240
"../../../Engine/Plugins/Interchange/Runtime/Content/gltf/MaterialInstances/MI_Sheen_Opaque_DS.uasset" 241
"../../../Engine/Plugins/Interchange/Runtime/Content/gltf/MaterialInstances/MI_Sheen_Opaque_DS.uexp" 242
"../../../Engine/Plugins/Interchange/Runtime/Content/gltf/MaterialInstances/MI_Sheen_Opaque.uasset" 243
"../../../Engine/Plugins/Interchange/Runtime/Content/gltf/MaterialInstances/MI_Sheen_Opaque.uexp" 244
"../../../Engine/Plugins/Interchange/Runtime/Content/gltf/MaterialInstances/MI_Sheen_Mask_DS.uasset" 245
"../../../Engine/Plugins/Interchange/Runtime/Content/gltf/MaterialInstances/MI_Sheen_Mask_DS.uexp" 246
"../../../Engine/Plugins/Interchange/Runtime/Content/gltf/MaterialInstances/MI_Sheen_Mask.uasset" 247
"../../../Engine/Plugins/Interchange/Runtime/Content/gltf/MaterialInstances/MI_Sheen_Mask.uexp" 248
"../../../Engine/Plugins/Interchange/Runtime/Content/gltf/MaterialInstances/MI_Sheen_Blend_DS.uasset" 249
"../../../Engine/Plugins/Interchange/Runtime/Content/gltf/MaterialInstances/MI_Sheen_Blend_DS.uexp" 250
"../../../Engine/Plugins/Interchange/Runtime/Content/gltf/MaterialInstances/MI_Sheen_Blend.uasset" 251
"../../../Engine/Plugins/Interchange/Runtime/Content/gltf/MaterialInstances/MI_Sheen_Blend.uexp" 252
"../../../Engine/Plugins/Interchange/Runtime/Content/gltf/MaterialBodies/MF_Default_Body.uasset" 253
"../../../Engine/Plugins/Interchange/Runtime/Content/gltf/MaterialBodies/MF_Default_Body.uexp" 254
"../../../Engine/Plugins/Interchange/Runtime/Content/gltf/M_Default.uasset" 255
"../../../Engine/Plugins/Interchange/Runtime/Content/gltf/M_Default.uexp" 256
"../../../Engine/Plugins/Interchange/Runtime/Content/gltf/MaterialInstances/MI_Default_Opaque_DS.uasset" 257
"../../../Engine/Plugins/Interchange/Runtime/Content/gltf/MaterialInstances/MI_Default_Opaque_DS.uexp" 258
"../../../Engine/Plugins/Interchange/Runtime/Content/gltf/MaterialInstances/MI_Default_Opaque.uasset" 259
"../../../Engine/Plugins/Interchange/Runtime/Content/gltf/MaterialInstances/MI_Default_Opaque.uexp" 260
"../../../Engine/Plugins/Interchange/Runtime/Content/gltf/MaterialInstances/MI_Default_Mask_DS.uasset" 261
"../../../Engine/Plugins/Interchange/Runtime/Content/gltf/MaterialInstances/MI_Default_Mask_DS.uexp" 262
"../../../Engine/Plugins/Interchange/Runtime/Content/gltf/MaterialInstances/MI_Default_Mask.uasset" 263
"../../../Engine/Plugins/Interchange/Runtime/Content/gltf/MaterialInstances/MI_Default_Mask.uexp" 264
"../../../Engine/Plugins/Interchange/Runtime/Content/gltf/MaterialInstances/MI_Default_Blend_DS.uasset" 265
"../../../Engine/Plugins/Interchange/Runtime/Content/gltf/MaterialInstances/MI_Default_Blend_DS.uexp" 266
"../../../Engine/Plugins/Interchange/Runtime/Content/gltf/MaterialInstances/MI_Default_Blend.uasset" 267
"../../../Engine/Plugins/Interchange/Runtime/Content/gltf/MaterialInstances/MI_Default_Blend.uexp" 268
"../../../Engine/Content/Functions/Engine_MaterialFunctions01/Texturing/FlattenNormal.uasset" 269
"../../../Engine/Content/Functions/Engine_MaterialFunctions01/Texturing/FlattenNormal.uexp" 270
"../../../Engine/Plugins/Interchange/Runtime/Content/gltf/MaterialFunctions/MF_Clearcoat.uasset" 271
"../../../Engine/Plugins/Interchange/Runtime/Content/gltf/MaterialFunctions/MF_Clearcoat.uexp" 272
"../../../Engine/Plugins/Interchange/Runtime/Content/gltf/MaterialBodies/MF_ClearCoat_Body.uasset" 273
"../../../Engine/Plugins/Interchange/Runtime/Content/gltf/MaterialBodies/MF_ClearCoat_Body.uexp" 274
"../../../Engine/Plugins/Interchange/Runtime/Content/gltf/M_ClearCoat.uasset" 275
"../../../Engine/Plugins/Interchange/Runtime/Content/gltf/M_ClearCoat.uexp" 276
"../../../Engine/Plugins/Interchange/Runtime/Content/gltf/MaterialInstances/MI_ClearCoat_Opaque_DS.uasset" 277
"../../../Engine/Plugins/Interchange/Runtime/Content/gltf/MaterialInstances/MI_ClearCoat_Opaque_DS.uexp" 278
"../../../Engine/Plugins/Interchange/Runtime/Content/gltf/MaterialInstances/MI_ClearCoat_Opaque.uasset" 279
"../../../Engine/Plugins/Interchange/Runtime/Content/gltf/MaterialInstances/MI_ClearCoat_Opaque.uexp" 280
"../../../Engine/Plugins/Interchange/Runtime/Content/gltf/MaterialInstances/MI_ClearCoat_Mask_DS.uasset" 281
"../../../Engine/Plugins/Interchange/Runtime/Content/gltf/MaterialInstances/MI_ClearCoat_Mask_DS.uexp" 282
"../../../Engine/Plugins/Interchange/Runtime/Content/gltf/MaterialInstances/MI_ClearCoat_Mask.uasset" 283
"../../../Engine/Plugins/Interchange/Runtime/Content/gltf/MaterialInstances/MI_ClearCoat_Mask.uexp" 284
"../../../Engine/Plugins/Interchange/Runtime/Content/gltf/MaterialInstances/MI_ClearCoat_Blend_DS.uasset" 285
"../../../Engine/Plugins/Interchange/Runtime/Content/gltf/MaterialInstances/MI_ClearCoat_Blend_DS.uexp" 286
"../../../Engine/Plugins/Interchange/Runtime/Content/gltf/MaterialInstances/MI_ClearCoat_Blend.uasset" 287
"../../../Engine/Plugins/Interchange/Runtime/Content/gltf/MaterialInstances/MI_ClearCoat_Blend.uexp" 288
"../../../Engine/Plugins/Interchange/Runtime/Content/Functions/MX_UsdPreviewSurface.uasset" 289
"../../../Engine/Plugins/Interchange/Runtime/Content/Functions/MX_UsdPreviewSurface.uexp" 290
"../../../Engine/Plugins/Interchange/Runtime/Content/Functions/MX_UniformEDF.uasset" 291
"../../../Engine/Plugins/Interchange/Runtime/Content/Functions/MX_UniformEDF.uexp" 292
"../../../Engine/Plugins/Interchange/Runtime/Content/Functions/MX_TranslucentBSDF.uasset" 293
"../../../Engine/Plugins/Interchange/Runtime/Content/Functions/MX_TranslucentBSDF.uexp" 294
"../../../Engine/Plugins/Interchange/Runtime/Content/Functions/MX_ThinFilmBSDF.uasset" 295
"../../../Engine/Plugins/Interchange/Runtime/Content/Functions/MX_ThinFilmBSDF.uexp" 296
"../../../Engine/Plugins/Interchange/Runtime/Content/Functions/MX_SurfaceUnlit.uasset" 297
"../../../Engine/Plugins/Interchange/Runtime/Content/Functions/MX_SurfaceUnlit.uexp" 298
"../../../Engine/Plugins/Interchange/Runtime/Content/Functions/MX_Surface.uasset" 299
"../../../Engine/Plugins/Interchange/Runtime/Content/Functions/MX_Surface.uexp" 300
"../../../Engine/Plugins/Interchange/Runtime/Content/Functions/MX_SubsurfaceBSDF.uasset" 301
"../../../Engine/Plugins/Interchange/Runtime/Content/Functions/MX_SubsurfaceBSDF.uexp" 302
"../../../Engine/Plugins/Interchange/Runtime/Content/Functions/MX_SheenBSDF.uasset" 303
"../../../Engine/Plugins/Interchange/Runtime/Content/Functions/MX_SheenBSDF.uexp" 304
"../../../Engine/Plugins/Interchange/Runtime/Content/Functions/MX_OrenNayarBSDF.uasset" 305
"../../../Engine/Plugins/Interchange/Runtime/Content/Functions/MX_OrenNayarBSDF.uexp" 306
"../../../Engine/Content/Functions/Engine_MaterialFunctions01/Volumetrics/BeersLaw.uasset" 307
"../../../Engine/Content/Functions/Engine_MaterialFunctions01/Volumetrics/BeersLaw.uexp" 308
"../../../Engine/Plugins/Interchange/Runtime/Content/Functions/MX_Transmission.uasset" 309
"../../../Engine/Plugins/Interchange/Runtime/Content/Functions/MX_Transmission.uexp" 310
"../../../Engine/Plugins/Interchange/Runtime/Content/Functions/MF_OrenNayerView.uasset" 311
"../../../Engine/Plugins/Interchange/Runtime/Content/Functions/MF_OrenNayerView.uexp" 312
"../../../Engine/Plugins/Interchange/Runtime/Content/Functions/MF_SchlickApprox.uasset" 313
"../../../Engine/Plugins/Interchange/Runtime/Content/Functions/MF_SchlickApprox.uexp" 314
"../../../Engine/Plugins/Interchange/Runtime/Content/Functions/MX_StandardSurface.uasset" 315
"../../../Engine/Plugins/Interchange/Runtime/Content/Functions/MX_StandardSurface.uexp" 316
"../../../Engine/Plugins/Interchange/Runtime/Content/Functions/MX_TransmissionSurface.uasset" 317
"../../../Engine/Plugins/Interchange/Runtime/Content/Functions/MX_TransmissionSurface.uexp" 318
"../../../Engine/Plugins/Interchange/Runtime/Content/Functions/MX_OpenPBR_Translucent.uasset" 319
"../../../Engine/Plugins/Interchange/Runtime/Content/Functions/MX_OpenPBR_Translucent.uexp" 320
"../../../Engine/Plugins/Interchange/Runtime/Content/Functions/MX_OpenPBR_Opaque.uasset" 321
"../../../Engine/Plugins/Interchange/Runtime/Content/Functions/MX_OpenPBR_Opaque.uexp" 322
"../../../Engine/Plugins/Interchange/Runtime/Content/Functions/MX_MeasuredEDF.uasset" 323
"../../../Engine/Plugins/Interchange/Runtime/Content/Functions/MX_MeasuredEDF.uexp" 324
"../../../Engine/Plugins/Interchange/Runtime/Content/Functions/MX_GeneralizedSchlickBSDF.uasset" 325
"../../../Engine/Plugins/Interchange/Runtime/Content/Functions/MX_GeneralizedSchlickBSDF.uexp" 326
"../../../Engine/Plugins/Interchange/Runtime/Content/Functions/MX_DielectricBSDF.uasset" 327
"../../../Engine/Plugins/Interchange/Runtime/Content/Functions/MX_DielectricBSDF.uexp" 328
"../../../Engine/Plugins/Interchange/Runtime/Content/Functions/MX_ConicalEDF.uasset" 329
"../../../Engine/Plugins/Interchange/Runtime/Content/Functions/MX_ConicalEDF.uexp" 330
"../../../Engine/Plugins/Interchange/Runtime/Content/Functions/MX_ConductorBSDF.uasset" 331
"../../../Engine/Plugins/Interchange/Runtime/Content/Functions/MX_ConductorBSDF.uexp" 332
"../../../Engine/Plugins/Interchange/Runtime/Content/Functions/MX_BurleyDiffuseBSDF.uasset" 333
"../../../Engine/Plugins/Interchange/Runtime/Content/Functions/MX_BurleyDiffuseBSDF.uexp" 334
"../../../Engine/Plugins/Interchange/Runtime/Content/Functions/MX_AnisotropicVDF.uasset" 335
"../../../Engine/Plugins/Interchange/Runtime/Content/Functions/MX_AnisotropicVDF.uexp" 336
"../../../Engine/Plugins/Interchange/Runtime/Content/Functions/MX_AbsorptionVDF.uasset" 337
"../../../Engine/Plugins/Interchange/Runtime/Content/Functions/MX_AbsorptionVDF.uexp" 338
"../../../Engine/Plugins/Editor/SpeedTreeImporter/Content/SpeedTree9/game_wind_noise.ubulk" 339
"../../../Engine/Plugins/Editor/SpeedTreeImporter/Content/SpeedTree9/game_wind_noise.uasset" 340
"../../../Engine/Plugins/Editor/SpeedTreeImporter/Content/SpeedTree9/game_wind_noise.uexp" 341
"../../../Engine/Plugins/Editor/SpeedTreeImporter/Content/SpeedTree9/UnpackDirection.uasset" 342
"../../../Engine/Plugins/Editor/SpeedTreeImporter/Content/SpeedTree9/UnpackDirection.uexp" 343
"../../../Engine/Content/Functions/Engine_MaterialFunctions02/ObjectLocalBounds.uasset" 344
"../../../Engine/Content/Functions/Engine_MaterialFunctions02/ObjectLocalBounds.uexp" 345
"../../../Engine/Content/Functions/Engine_MaterialFunctions02/UVs/BoundingBoxBased_0-1_UVW.uasset" 346
"../../../Engine/Content/Functions/Engine_MaterialFunctions02/UVs/BoundingBoxBased_0-1_UVW.uexp" 347
"../../../Engine/Content/Functions/Engine_MaterialFunctions02/Utility/VectorLength.uasset" 348
"../../../Engine/Content/Functions/Engine_MaterialFunctions02/Utility/VectorLength.uexp" 349
"../../../Engine/Plugins/Editor/SpeedTreeImporter/Content/SpeedTree9/UnpackInteger3.uasset" 350
"../../../Engine/Plugins/Editor/SpeedTreeImporter/Content/SpeedTree9/UnpackInteger3.uexp" 351
"../../../Engine/Plugins/Editor/SpeedTreeImporter/Content/SpeedTree9/SpeedTreeCameraFacing.uasset" 352
"../../../Engine/Plugins/Editor/SpeedTreeImporter/Content/SpeedTree9/SpeedTreeCameraFacing.uexp" 353
"../../../Engine/Content/Functions/Engine_MaterialFunctions02/WorldPositionOffset/ObjectScale.uasset" 354
"../../../Engine/Content/Functions/Engine_MaterialFunctions02/WorldPositionOffset/ObjectScale.uexp" 355
"../../../Engine/Content/Functions/Engine_MaterialFunctions02/SafeNormalize.uasset" 356
"../../../Engine/Content/Functions/Engine_MaterialFunctions02/SafeNormalize.uexp" 357
"../../../Engine/Plugins/Editor/SpeedTreeImporter/Content/SpeedTree9/SpeedTreeWindMotion.uasset" 358
"../../../Engine/Plugins/Editor/SpeedTreeImporter/Content/SpeedTree9/SpeedTreeWindMotion.uexp" 359
"../../../Engine/Plugins/Editor/SpeedTreeImporter/Content/SpeedTree9/SpeedTreeBranchMotion.uasset" 360
"../../../Engine/Plugins/Editor/SpeedTreeImporter/Content/SpeedTree9/SpeedTreeBranchMotion.uexp" 361
"../../../Engine/Plugins/Editor/SpeedTreeImporter/Content/SpeedTree9/SpeedTreeWind.uasset" 362
"../../../Engine/Plugins/Editor/SpeedTreeImporter/Content/SpeedTree9/SpeedTreeWind.uexp" 363
"../../../Engine/Plugins/Editor/SpeedTreeImporter/Content/SpeedTree9/EmptyNormal.uasset" 364
"../../../Engine/Plugins/Editor/SpeedTreeImporter/Content/SpeedTree9/EmptyNormal.uexp" 365
"../../../Engine/Plugins/Editor/SpeedTreeImporter/Content/SpeedTree9/Empty.uasset" 366
"../../../Engine/Plugins/Editor/SpeedTreeImporter/Content/SpeedTree9/Empty.uexp" 367
"../../../Engine/Plugins/Editor/SpeedTreeImporter/Content/SpeedTree9/SpeedTreeMaster.uasset" 368
"../../../Engine/Plugins/Editor/SpeedTreeImporter/Content/SpeedTree9/SpeedTreeMaster.uexp" 369
"../../../Engine/Plugins/Editor/SpeedTreeImporter/Content/SpeedTree9/SpeedTreeBillboard.uasset" 370
"../../../Engine/Plugins/Editor/SpeedTreeImporter/Content/SpeedTree9/SpeedTreeBillboard.uexp" 371
"../../../Engine/Plugins/Editor/SpeedTreeImporter/Content/SpeedTree9/SpeedTreeBillboardMaster.uasset" 372
"../../../Engine/Plugins/Editor/SpeedTreeImporter/Content/SpeedTree9/SpeedTreeBillboardMaster.uexp" 373
"../../../Engine/Content/Functions/Engine_MaterialFunctions02/WorldPositionOffset/CameraOffset.uasset" 374
"../../../Engine/Content/Functions/Engine_MaterialFunctions02/WorldPositionOffset/CameraOffset.uexp" 375
"../../../Engine/Plugins/Animation/ControlRig/Content/M_Manip.uasset" 376
"../../../Engine/Plugins/Animation/ControlRig/Content/M_Manip.uexp" 377
"../../../Engine/Plugins/Animation/ControlRig/Content/Controls/DefaultGizmoLibraryNormalized.uasset" 378
"../../../Engine/Plugins/Animation/ControlRig/Content/Controls/DefaultGizmoLibraryNormalized.uexp" 379
"../../../Engine/Plugins/Animation/ControlRig/Content/Controls/ControlRig_Wedge_solid.ubulk" 380
"../../../Engine/Plugins/Animation/ControlRig/Content/Controls/ControlRig_Wedge_solid.uasset" 381
"../../../Engine/Plugins/Animation/ControlRig/Content/Controls/ControlRig_Wedge_solid.uexp" 382
"../../../Engine/Plugins/Animation/ControlRig/Content/Controls/ControlRig_Wedge_3mm.ubulk" 383
"../../../Engine/Plugins/Animation/ControlRig/Content/Controls/ControlRig_Wedge_3mm.uasset" 384
"../../../Engine/Plugins/Animation/ControlRig/Content/Controls/ControlRig_Wedge_3mm.uexp" 385
"../../../Engine/Plugins/Animation/ControlRig/Content/Controls/ControlRig_Wedge_1mm.ubulk" 386
"../../../Engine/Plugins/Animation/ControlRig/Content/Controls/ControlRig_Wedge_1mm.uasset" 387
"../../../Engine/Plugins/Animation/ControlRig/Content/Controls/ControlRig_Wedge_1mm.uexp" 388
"../../../Engine/Plugins/Animation/ControlRig/Content/Controls/ControlRig_Triangle_solid.ubulk" 389
"../../../Engine/Plugins/Animation/ControlRig/Content/Controls/ControlRig_Triangle_solid.uasset" 390
"../../../Engine/Plugins/Animation/ControlRig/Content/Controls/ControlRig_Triangle_solid.uexp" 391
"../../../Engine/Plugins/Animation/ControlRig/Content/Controls/ControlRig_Triangle_3mm.ubulk" 392
"../../../Engine/Plugins/Animation/ControlRig/Content/Controls/ControlRig_Triangle_3mm.uasset" 393
"../../../Engine/Plugins/Animation/ControlRig/Content/Controls/ControlRig_Triangle_3mm.uexp" 394
"../../../Engine/Plugins/Animation/ControlRig/Content/Controls/ControlRig_Triangle_1mm.ubulk" 395
"../../../Engine/Plugins/Animation/ControlRig/Content/Controls/ControlRig_Triangle_1mm.uasset" 396
"../../../Engine/Plugins/Animation/ControlRig/Content/Controls/ControlRig_Triangle_1mm.uexp" 397
"../../../Engine/Plugins/Animation/ControlRig/Content/Controls/ControlRig_Star4_solid.ubulk" 398
"../../../Engine/Plugins/Animation/ControlRig/Content/Controls/ControlRig_Star4_solid.uasset" 399
"../../../Engine/Plugins/Animation/ControlRig/Content/Controls/ControlRig_Star4_solid.uexp" 400
"../../../Engine/Plugins/Animation/ControlRig/Content/Controls/ControlRig_Star4_3mm.ubulk" 401
"../../../Engine/Plugins/Animation/ControlRig/Content/Controls/ControlRig_Star4_3mm.uasset" 402
"../../../Engine/Plugins/Animation/ControlRig/Content/Controls/ControlRig_Star4_3mm.uexp" 403
"../../../Engine/Plugins/Animation/ControlRig/Content/Controls/ControlRig_Star4_1mm.ubulk" 404
"../../../Engine/Plugins/Animation/ControlRig/Content/Controls/ControlRig_Star4_1mm.uasset" 405
"../../../Engine/Plugins/Animation/ControlRig/Content/Controls/ControlRig_Star4_1mm.uexp" 406
"../../../Engine/Plugins/Animation/ControlRig/Content/Controls/ControlRig_Square_solid.ubulk" 407
"../../../Engine/Plugins/Animation/ControlRig/Content/Controls/ControlRig_Square_solid.uasset" 408
"../../../Engine/Plugins/Animation/ControlRig/Content/Controls/ControlRig_Square_solid.uexp" 409
"../../../Engine/Plugins/Animation/ControlRig/Content/Controls/ControlRig_Square_3mm.ubulk" 410
"../../../Engine/Plugins/Animation/ControlRig/Content/Controls/ControlRig_Square_3mm.uasset" 411
"../../../Engine/Plugins/Animation/ControlRig/Content/Controls/ControlRig_Square_3mm.uexp" 412
"../../../Engine/Plugins/Animation/ControlRig/Content/Controls/ControlRig_Square_1mm.ubulk" 413
"../../../Engine/Plugins/Animation/ControlRig/Content/Controls/ControlRig_Square_1mm.uasset" 414
"../../../Engine/Plugins/Animation/ControlRig/Content/Controls/ControlRig_Square_1mm.uexp" 415
"../../../Engine/Plugins/Animation/ControlRig/Content/Controls/ControlRig_Sphere_solid.ubulk" 416
"../../../Engine/Plugins/Animation/ControlRig/Content/Controls/ControlRig_Sphere_solid.uasset" 417
"../../../Engine/Plugins/Animation/ControlRig/Content/Controls/ControlRig_Sphere_solid.uexp" 418
"../../../Engine/Plugins/Animation/ControlRig/Content/Controls/ControlRig_Sphere_3mm.ubulk" 419
"../../../Engine/Plugins/Animation/ControlRig/Content/Controls/ControlRig_Sphere_3mm.uasset" 420
"../../../Engine/Plugins/Animation/ControlRig/Content/Controls/ControlRig_Sphere_3mm.uexp" 421
"../../../Engine/Plugins/Animation/ControlRig/Content/Controls/ControlRig_Sphere_1mm.ubulk" 422
"../../../Engine/Plugins/Animation/ControlRig/Content/Controls/ControlRig_Sphere_1mm.uasset" 423
"../../../Engine/Plugins/Animation/ControlRig/Content/Controls/ControlRig_Sphere_1mm.uexp" 424
"../../../Engine/Plugins/Animation/ControlRig/Content/Controls/ControlRig_RoundedTriangle_solid.ubulk" 425
"../../../Engine/Plugins/Animation/ControlRig/Content/Controls/ControlRig_RoundedTriangle_solid.uasset" 426
"../../../Engine/Plugins/Animation/ControlRig/Content/Controls/ControlRig_RoundedTriangle_solid.uexp" 427
"../../../Engine/Plugins/Animation/ControlRig/Content/Controls/ControlRig_RoundedTriangle_3mm.ubulk" 428
"../../../Engine/Plugins/Animation/ControlRig/Content/Controls/ControlRig_RoundedTriangle_3mm.uasset" 429
"../../../Engine/Plugins/Animation/ControlRig/Content/Controls/ControlRig_RoundedTriangle_3mm.uexp" 430
"../../../Engine/Plugins/Animation/ControlRig/Content/Controls/ControlRig_RoundedTriangle_1mm.ubulk" 431
"../../../Engine/Plugins/Animation/ControlRig/Content/Controls/ControlRig_RoundedTriangle_1mm.uasset" 432
"../../../Engine/Plugins/Animation/ControlRig/Content/Controls/ControlRig_RoundedTriangle_1mm.uexp" 433
"../../../Engine/Plugins/Animation/ControlRig/Content/Controls/ControlRig_RoundedSquare_solid.ubulk" 434
"../../../Engine/Plugins/Animation/ControlRig/Content/Controls/ControlRig_RoundedSquare_solid.uasset" 435
"../../../Engine/Plugins/Animation/ControlRig/Content/Controls/ControlRig_RoundedSquare_solid.uexp" 436
"../../../Engine/Plugins/Animation/ControlRig/Content/Controls/ControlRig_RoundedSquare_3mm.ubulk" 437
"../../../Engine/Plugins/Animation/ControlRig/Content/Controls/ControlRig_RoundedSquare_3mm.uasset" 438
"../../../Engine/Plugins/Animation/ControlRig/Content/Controls/ControlRig_RoundedSquare_3mm.uexp" 439
"../../../Engine/Plugins/Animation/ControlRig/Content/Controls/ControlRig_RoundedSquare_1mm.ubulk" 440
"../../../Engine/Plugins/Animation/ControlRig/Content/Controls/ControlRig_RoundedSquare_1mm.uasset" 441
"../../../Engine/Plugins/Animation/ControlRig/Content/Controls/ControlRig_RoundedSquare_1mm.uexp" 442
"../../../Engine/Plugins/Animation/ControlRig/Content/Controls/ControlRig_QuarterCircle_solid.ubulk" 443
"../../../Engine/Plugins/Animation/ControlRig/Content/Controls/ControlRig_QuarterCircle_solid.uasset" 444
"../../../Engine/Plugins/Animation/ControlRig/Content/Controls/ControlRig_QuarterCircle_solid.uexp" 445
"../../../Engine/Plugins/Animation/ControlRig/Content/Controls/ControlRig_QuarterCircle_3mm.ubulk" 446
"../../../Engine/Plugins/Animation/ControlRig/Content/Controls/ControlRig_QuarterCircle_3mm.uasset" 447
"../../../Engine/Plugins/Animation/ControlRig/Content/Controls/ControlRig_QuarterCircle_3mm.uexp" 448
"../../../Engine/Plugins/Animation/ControlRig/Content/Controls/ControlRig_QuarterCircle_1mm.ubulk" 449
"../../../Engine/Plugins/Animation/ControlRig/Content/Controls/ControlRig_QuarterCircle_1mm.uasset" 450
"../../../Engine/Plugins/Animation/ControlRig/Content/Controls/ControlRig_QuarterCircle_1mm.uexp" 451
"../../../Engine/Plugins/Animation/ControlRig/Content/Controls/ControlRig_Pyramid_solid.ubulk" 452
"../../../Engine/Plugins/Animation/ControlRig/Content/Controls/ControlRig_Pyramid_solid.uasset" 453
"../../../Engine/Plugins/Animation/ControlRig/Content/Controls/ControlRig_Pyramid_solid.uexp" 454
"../../../Engine/Plugins/Animation/ControlRig/Content/Controls/ControlRig_Pyramid_3mm.ubulk" 455
"../../../Engine/Plugins/Animation/ControlRig/Content/Controls/ControlRig_Pyramid_3mm.uasset" 456
"../../../Engine/Plugins/Animation/ControlRig/Content/Controls/ControlRig_Pyramid_3mm.uexp" 457
"../../../Engine/Plugins/Animation/ControlRig/Content/Controls/ControlRig_Pyramid_1mm.ubulk" 458
"../../../Engine/Plugins/Animation/ControlRig/Content/Controls/ControlRig_Pyramid_1mm.uasset" 459
"../../../Engine/Plugins/Animation/ControlRig/Content/Controls/ControlRig_Pyramid_1mm.uexp" 460
"../../../Engine/Plugins/Animation/ControlRig/Content/Controls/ControlRig_Octagon_solid.ubulk" 461
"../../../Engine/Plugins/Animation/ControlRig/Content/Controls/ControlRig_Octagon_solid.uasset" 462
"../../../Engine/Plugins/Animation/ControlRig/Content/Controls/ControlRig_Octagon_solid.uexp" 463
"../../../Engine/Plugins/Animation/ControlRig/Content/Controls/ControlRig_Octagon_3mm.ubulk" 464
"../../../Engine/Plugins/Animation/ControlRig/Content/Controls/ControlRig_Octagon_3mm.uasset" 465
"../../../Engine/Plugins/Animation/ControlRig/Content/Controls/ControlRig_Octagon_3mm.uexp" 466
"../../../Engine/Plugins/Animation/ControlRig/Content/Controls/ControlRig_Octagon_1mm.ubulk" 467
"../../../Engine/Plugins/Animation/ControlRig/Content/Controls/ControlRig_Octagon_1mm.uasset" 468
"../../../Engine/Plugins/Animation/ControlRig/Content/Controls/ControlRig_Octagon_1mm.uexp" 469
"../../../Engine/Plugins/Animation/ControlRig/Content/Controls/ControlRig_Hexagon_solid.ubulk" 470
"../../../Engine/Plugins/Animation/ControlRig/Content/Controls/ControlRig_Hexagon_solid.uasset" 471
"../../../Engine/Plugins/Animation/ControlRig/Content/Controls/ControlRig_Hexagon_solid.uexp" 472
"../../../Engine/Plugins/Animation/ControlRig/Content/Controls/ControlRig_Hexagon_3mm.ubulk" 473
"../../../Engine/Plugins/Animation/ControlRig/Content/Controls/ControlRig_Hexagon_3mm.uasset" 474
"../../../Engine/Plugins/Animation/ControlRig/Content/Controls/ControlRig_Hexagon_3mm.uexp" 475
"../../../Engine/Plugins/Animation/ControlRig/Content/Controls/ControlRig_Hexagon_1mm.ubulk" 476
"../../../Engine/Plugins/Animation/ControlRig/Content/Controls/ControlRig_Hexagon_1mm.uasset" 477
"../../../Engine/Plugins/Animation/ControlRig/Content/Controls/ControlRig_Hexagon_1mm.uexp" 478
"../../../Engine/Plugins/Animation/ControlRig/Content/Controls/ControlRig_HalfCircle_solid.ubulk" 479
"../../../Engine/Plugins/Animation/ControlRig/Content/Controls/ControlRig_HalfCircle_solid.uasset" 480
"../../../Engine/Plugins/Animation/ControlRig/Content/Controls/ControlRig_HalfCircle_solid.uexp" 481
"../../../Engine/Plugins/Animation/ControlRig/Content/Controls/ControlRig_HalfCircle_3mm.ubulk" 482
"../../../Engine/Plugins/Animation/ControlRig/Content/Controls/ControlRig_HalfCircle_3mm.uasset" 483
"../../../Engine/Plugins/Animation/ControlRig/Content/Controls/ControlRig_HalfCircle_3mm.uexp" 484
"../../../Engine/Plugins/Animation/ControlRig/Content/Controls/ControlRig_HalfCircle_1mm.ubulk" 485
"../../../Engine/Plugins/Animation/ControlRig/Content/Controls/ControlRig_HalfCircle_1mm.uasset" 486
"../../../Engine/Plugins/Animation/ControlRig/Content/Controls/ControlRig_HalfCircle_1mm.uexp" 487
"../../../Engine/Plugins/Animation/ControlRig/Content/Controls/ControlRig_Diamond_solid.ubulk" 488
"../../../Engine/Plugins/Animation/ControlRig/Content/Controls/ControlRig_Diamond_solid.uasset" 489
"../../../Engine/Plugins/Animation/ControlRig/Content/Controls/ControlRig_Diamond_solid.uexp" 490
"../../../Engine/Plugins/Animation/ControlRig/Content/Controls/ControlRig_Diamond_3mm.ubulk" 491
"../../../Engine/Plugins/Animation/ControlRig/Content/Controls/ControlRig_Diamond_3mm.uasset" 492
"../../../Engine/Plugins/Animation/ControlRig/Content/Controls/ControlRig_Diamond_3mm.uexp" 493
"../../../Engine/Plugins/Animation/ControlRig/Content/Controls/ControlRig_Diamond_1mm.ubulk" 494
"../../../Engine/Plugins/Animation/ControlRig/Content/Controls/ControlRig_Diamond_1mm.uasset" 495
"../../../Engine/Plugins/Animation/ControlRig/Content/Controls/ControlRig_Diamond_1mm.uexp" 496
"../../../Engine/Plugins/Animation/ControlRig/Content/Controls/ControlRig_Circle_solid.ubulk" 497
"../../../Engine/Plugins/Animation/ControlRig/Content/Controls/ControlRig_Circle_solid.uasset" 498
"../../../Engine/Plugins/Animation/ControlRig/Content/Controls/ControlRig_Circle_solid.uexp" 499
"../../../Engine/Plugins/Animation/ControlRig/Content/Controls/ControlRig_Circle_3mm.ubulk" 500
"../../../Engine/Plugins/Animation/ControlRig/Content/Controls/ControlRig_Circle_3mm.uasset" 501
"../../../Engine/Plugins/Animation/ControlRig/Content/Controls/ControlRig_Circle_3mm.uexp" 502
"../../../Engine/Plugins/Animation/ControlRig/Content/Controls/ControlRig_Circle_1mm.ubulk" 503
"../../../Engine/Plugins/Animation/ControlRig/Content/Controls/ControlRig_Circle_1mm.uasset" 504
"../../../Engine/Plugins/Animation/ControlRig/Content/Controls/ControlRig_Circle_1mm.uexp" 505
"../../../Engine/Plugins/Animation/ControlRig/Content/Controls/ControlRig_Box_solid.ubulk" 506
"../../../Engine/Plugins/Animation/ControlRig/Content/Controls/ControlRig_Box_solid.uasset" 507
"../../../Engine/Plugins/Animation/ControlRig/Content/Controls/ControlRig_Box_solid.uexp" 508
"../../../Engine/Plugins/Animation/ControlRig/Content/Controls/ControlRig_Box_3mm.ubulk" 509
"../../../Engine/Plugins/Animation/ControlRig/Content/Controls/ControlRig_Box_3mm.uasset" 510
"../../../Engine/Plugins/Animation/ControlRig/Content/Controls/ControlRig_Box_3mm.uexp" 511
"../../../Engine/Plugins/Animation/ControlRig/Content/Controls/ControlRig_Box_1mm.ubulk" 512
"../../../Engine/Plugins/Animation/ControlRig/Content/Controls/ControlRig_Box_1mm.uasset" 513
"../../../Engine/Plugins/Animation/ControlRig/Content/Controls/ControlRig_Box_1mm.uexp" 514
"../../../Engine/Plugins/Animation/ControlRig/Content/Controls/ControlRig_Arrow_solid.ubulk" 515
"../../../Engine/Plugins/Animation/ControlRig/Content/Controls/ControlRig_Arrow_solid.uasset" 516
"../../../Engine/Plugins/Animation/ControlRig/Content/Controls/ControlRig_Arrow_solid.uexp" 517
"../../../Engine/Plugins/Animation/ControlRig/Content/Controls/ControlRig_Arrow_3mm.ubulk" 518
"../../../Engine/Plugins/Animation/ControlRig/Content/Controls/ControlRig_Arrow_3mm.uasset" 519
"../../../Engine/Plugins/Animation/ControlRig/Content/Controls/ControlRig_Arrow_3mm.uexp" 520
"../../../Engine/Plugins/Animation/ControlRig/Content/Controls/ControlRig_Arrow_1mm.ubulk" 521
"../../../Engine/Plugins/Animation/ControlRig/Content/Controls/ControlRig_Arrow_1mm.uasset" 522
"../../../Engine/Plugins/Animation/ControlRig/Content/Controls/ControlRig_Arrow_1mm.uexp" 523
"../../../Engine/Plugins/Animation/ControlRig/Content/Controls/ControlRig_Arrow4_solid.ubulk" 524
"../../../Engine/Plugins/Animation/ControlRig/Content/Controls/ControlRig_Arrow4_solid.uasset" 525
"../../../Engine/Plugins/Animation/ControlRig/Content/Controls/ControlRig_Arrow4_solid.uexp" 526
"../../../Engine/Plugins/Animation/ControlRig/Content/Controls/ControlRig_Arrow4_3mm.ubulk" 527
"../../../Engine/Plugins/Animation/ControlRig/Content/Controls/ControlRig_Arrow4_3mm.uasset" 528
"../../../Engine/Plugins/Animation/ControlRig/Content/Controls/ControlRig_Arrow4_3mm.uexp" 529
"../../../Engine/Plugins/Animation/ControlRig/Content/Controls/ControlRig_Arrow4_1mm.ubulk" 530
"../../../Engine/Plugins/Animation/ControlRig/Content/Controls/ControlRig_Arrow4_1mm.uasset" 531
"../../../Engine/Plugins/Animation/ControlRig/Content/Controls/ControlRig_Arrow4_1mm.uexp" 532
"../../../Engine/Plugins/Animation/ControlRig/Content/Controls/ControlRig_Arrow2_solid.ubulk" 533
"../../../Engine/Plugins/Animation/ControlRig/Content/Controls/ControlRig_Arrow2_solid.uasset" 534
"../../../Engine/Plugins/Animation/ControlRig/Content/Controls/ControlRig_Arrow2_solid.uexp" 535
"../../../Engine/Plugins/Animation/ControlRig/Content/Controls/ControlRig_Arrow2_3mm.ubulk" 536
"../../../Engine/Plugins/Animation/ControlRig/Content/Controls/ControlRig_Arrow2_3mm.uasset" 537
"../../../Engine/Plugins/Animation/ControlRig/Content/Controls/ControlRig_Arrow2_3mm.uexp" 538
"../../../Engine/Plugins/Animation/ControlRig/Content/Controls/ControlRig_Arrow2_1mm.ubulk" 539
"../../../Engine/Plugins/Animation/ControlRig/Content/Controls/ControlRig_Arrow2_1mm.uasset" 540
"../../../Engine/Plugins/Animation/ControlRig/Content/Controls/ControlRig_Arrow2_1mm.uexp" 541
"../../../Engine/Plugins/Animation/ControlRig/Content/Controls/ControlRigXRayMaterial.uasset" 542
"../../../Engine/Plugins/Animation/ControlRig/Content/Controls/ControlRigXRayMaterial.uexp" 543
"../../../Engine/Plugins/Animation/ControlRig/Content/Controls/ControlRigGizmoMaterial.uasset" 544
"../../../Engine/Plugins/Animation/ControlRig/Content/Controls/ControlRigGizmoMaterial.uexp" 545
"../../../Engine/Plugins/Animation/ACLPlugin/Content/ACLAnimCurveCompressionSettings.uasset" 546
"../../../Engine/Plugins/Animation/ACLPlugin/Content/ACLAnimCurveCompressionSettings.uexp" 547
"../../../Engine/Plugins/Animation/ACLPlugin/Content/ACLAnimBoneCompressionSettings.uasset" 548
"../../../Engine/Plugins/Animation/ACLPlugin/Content/ACLAnimBoneCompressionSettings.uexp" 549
"../../../Engine/Plugins/2D/Paper2D/Content/PlaceholderTextures/DummySpriteTexture.ubulk" 550
"../../../Engine/Plugins/2D/Paper2D/Content/PlaceholderTextures/DummySpriteTexture.uasset" 551
"../../../Engine/Plugins/2D/Paper2D/Content/PlaceholderTextures/DummySpriteTexture.uexp" 552
"../../../Engine/Plugins/2D/Paper2D/Content/DefaultSpriteMaterial.uasset" 553
"../../../Engine/Plugins/2D/Paper2D/Content/DefaultSpriteMaterial.uexp" 554
"../../../Engine/Plugins/2D/Paper2D/Content/OpaqueUnlitSpriteMaterial.uasset" 555
"../../../Engine/Plugins/2D/Paper2D/Content/OpaqueUnlitSpriteMaterial.uexp" 556
"../../../Engine/Plugins/2D/Paper2D/Content/MaskedUnlitSpriteMaterial.uasset" 557
"../../../Engine/Plugins/2D/Paper2D/Content/MaskedUnlitSpriteMaterial.uexp" 558
"../../../Engine/Plugins/2D/Paper2D/Content/DummySprite.uasset" 559
"../../../Engine/Plugins/2D/Paper2D/Content/DummySprite.uexp" 560
"../../../Engine/Plugins/2D/Paper2D/Content/DefaultPaperTerrainMaterial.uasset" 561
"../../../Engine/Plugins/2D/Paper2D/Content/DefaultPaperTerrainMaterial.uexp" 562
"../../../Engine/Content/VREditor/TransformGizmo/StartRotationHandleIndicator.ubulk" 563
"../../../Engine/Content/VREditor/TransformGizmo/StartRotationHandleIndicator.uasset" 564
"../../../Engine/Content/VREditor/TransformGizmo/StartRotationHandleIndicator.uexp" 565
"../../../Engine/Content/VREditor/Sounds/UI/Drop_Item_From_ContentBrowser.ubulk" 566
"../../../Engine/Content/VREditor/Sounds/UI/Drop_Item_From_ContentBrowser.uasset" 567
"../../../Engine/Content/VREditor/Sounds/UI/Drop_Item_From_ContentBrowser.uexp" 568
"../../../Engine/Content/VREditor/TransformGizmo/PlaneTranslationHandle.ubulk" 569
"../../../Engine/Content/VREditor/TransformGizmo/PlaneTranslationHandle.uasset" 570
"../../../Engine/Content/VREditor/TransformGizmo/PlaneTranslationHandle.uexp" 571
"../../../Engine/Content/VREditor/Sounds/UI/Object_Snaps_To_Grid.ubulk" 572
"../../../Engine/Content/VREditor/Sounds/UI/Object_Snaps_To_Grid.uasset" 573
"../../../Engine/Content/VREditor/Sounds/UI/Object_Snaps_To_Grid.uexp" 574
"../../../Engine/Content/VREditor/Sounds/UI/Selection_Changes.ubulk" 575
"../../../Engine/Content/VREditor/Sounds/UI/Selection_Changes.uasset" 576
"../../../Engine/Content/VREditor/Sounds/UI/Selection_Changes.uexp" 577
"../../../Engine/Content/VREditor/Sounds/UI/Object_Snaps_To_Another_Actor.ubulk" 578
"../../../Engine/Content/VREditor/Sounds/UI/Object_Snaps_To_Another_Actor.uasset" 579
"../../../Engine/Content/VREditor/Sounds/UI/Object_Snaps_To_Another_Actor.uexp" 580
"../../../Engine/Content/VREditor/TransformGizmo/TranslucentTransformGizmoMaterial_Inst.uasset" 581
"../../../Engine/Content/VREditor/TransformGizmo/TranslucentTransformGizmoMaterial_Inst.uexp" 582
"../../../Engine/Content/VREditor/TransformGizmo/TransformGizmoFreeRotation.ubulk" 583
"../../../Engine/Content/VREditor/TransformGizmo/TransformGizmoFreeRotation.uasset" 584
"../../../Engine/Content/VREditor/TransformGizmo/TransformGizmoFreeRotation.uexp" 585
"../../../Engine/Content/VREditor/Sounds/UI/Scaling_Down.ubulk" 586
"../../../Engine/Content/VREditor/Sounds/UI/Scaling_Down.uasset" 587
"../../../Engine/Content/VREditor/Sounds/UI/Scaling_Down.uexp" 588
"../../../Engine/Content/Functions/Engine_MaterialFunctions02/SplitComponents.uasset" 589
"../../../Engine/Content/Functions/Engine_MaterialFunctions02/SplitComponents.uexp" 590
"../../../Engine/Content/VREditor/SnapGrid/SnapGridMaterial.uasset" 591
"../../../Engine/Content/VREditor/SnapGrid/SnapGridMaterial.uexp" 592
"../../../Engine/Content/VREditor/SnapGrid/SnapGridPlaneMesh.ubulk" 593
"../../../Engine/Content/VREditor/SnapGrid/SnapGridPlaneMesh.uasset" 594
"../../../Engine/Content/VREditor/SnapGrid/SnapGridPlaneMesh.uexp" 595
"../../../Engine/Content/VREditor/Sounds/UI/Scaling_Up.ubulk" 596
"../../../Engine/Content/VREditor/Sounds/UI/Scaling_Up.uasset" 597
"../../../Engine/Content/VREditor/Sounds/UI/Scaling_Up.uexp" 598
"../../../Engine/Content/VREditor/TransformGizmo/TransformGizmoMaterial_Inst.uasset" 599
"../../../Engine/Content/VREditor/TransformGizmo/TransformGizmoMaterial_Inst.uexp" 600
"../../../Engine/Content/VREditor/Sounds/UI/Gizmo_Handle_Clicked.ubulk" 601
"../../../Engine/Content/VREditor/Sounds/UI/Gizmo_Handle_Clicked.uasset" 602
"../../../Engine/Content/VREditor/Sounds/UI/Gizmo_Handle_Clicked.uexp" 603
"../../../Engine/Content/VREditor/TransformGizmo/RotationHandleQuarter.ubulk" 604
"../../../Engine/Content/VREditor/TransformGizmo/RotationHandleQuarter.uasset" 605
"../../../Engine/Content/VREditor/TransformGizmo/RotationHandleQuarter.uexp" 606
"../../../Engine/Content/VREditor/TransformGizmo/TranslateArrowHandle.ubulk" 607
"../../../Engine/Content/VREditor/TransformGizmo/TranslateArrowHandle.uasset" 608
"../../../Engine/Content/VREditor/TransformGizmo/TranslateArrowHandle.uexp" 609
"../../../Engine/Content/VREditor/TransformGizmo/RotationHandleIndicator.ubulk" 610
"../../../Engine/Content/VREditor/TransformGizmo/RotationHandleIndicator.uasset" 611
"../../../Engine/Content/VREditor/TransformGizmo/RotationHandleIndicator.uexp" 612
"../../../Engine/Content/VREditor/TransformGizmo/UniformScaleHandle.ubulk" 613
"../../../Engine/Content/VREditor/TransformGizmo/UniformScaleHandle.uasset" 614
"../../../Engine/Content/VREditor/TransformGizmo/UniformScaleHandle.uexp" 615
"../../../Engine/Content/VREditor/TransformGizmo/RotationHandleFull.ubulk" 616
"../../../Engine/Content/VREditor/TransformGizmo/RotationHandleFull.uasset" 617
"../../../Engine/Content/VREditor/TransformGizmo/RotationHandleFull.uexp" 618
"../../../Engine/Content/VREditor/Sounds/UI/Object_PickUp.ubulk" 619
"../../../Engine/Content/VREditor/Sounds/UI/Object_PickUp.uasset" 620
"../../../Engine/Content/VREditor/Sounds/UI/Object_PickUp.uexp" 621
"../../../Engine/Content/MobileResources/HUD/VirtualJoystick_Background.uasset" 622
"../../../Engine/Content/MobileResources/HUD/VirtualJoystick_Background.uexp" 623
"../../../Engine/Content/MobileResources/HUD/VirtualJoystick_Thumb.uasset" 624
"../../../Engine/Content/MobileResources/HUD/VirtualJoystick_Thumb.uexp" 625
"../../../Engine/Content/MobileResources/HUD/DefaultVirtualJoysticks.uasset" 626
"../../../Engine/Content/MobileResources/HUD/DefaultVirtualJoysticks.uexp" 627
"../../../Engine/Content/EngineSounds/Master.uasset" 628
"../../../Engine/Content/EngineSounds/Master.uexp" 629
"../../../Engine/Content/EngineSky/VolumetricClouds/CloudWeatherTexture.uasset" 630
"../../../Engine/Content/EngineSky/VolumetricClouds/CloudWeatherTexture.uexp" 631
"../../../Engine/Content/Functions/Engine_MaterialFunctions02/Utility/MakeFloat2.uasset" 632
"../../../Engine/Content/Functions/Engine_MaterialFunctions02/Utility/MakeFloat2.uexp" 633
"../../../Engine/Content/EngineSky/VolumetricClouds/CloudGradientTexture.uasset" 634
"../../../Engine/Content/EngineSky/VolumetricClouds/CloudGradientTexture.uexp" 635
"../../../Engine/Content/EngineSky/VolumetricClouds/T_NoiseShape64.ubulk" 636
"../../../Engine/Content/EngineSky/VolumetricClouds/T_NoiseShape64.uasset" 637
"../../../Engine/Content/EngineSky/VolumetricClouds/T_NoiseShape64.uexp" 638
"../../../Engine/Content/EngineSky/VolumetricClouds/T_VolumeNoiseShape64.uasset" 639
"../../../Engine/Content/EngineSky/VolumetricClouds/T_VolumeNoiseShape64.uexp" 640
"../../../Engine/Content/EngineSky/VolumetricClouds/T_NoiseErosion.ubulk" 641
"../../../Engine/Content/EngineSky/VolumetricClouds/T_NoiseErosion.uasset" 642
"../../../Engine/Content/EngineSky/VolumetricClouds/T_NoiseErosion.uexp" 643
"../../../Engine/Content/EngineSky/VolumetricClouds/T_VolumeNoiseErosion32.uasset" 644
"../../../Engine/Content/EngineSky/VolumetricClouds/T_VolumeNoiseErosion32.uexp" 645
"../../../Engine/Content/EngineSky/VolumetricClouds/m_SimpleVolumetricCloud.uasset" 646
"../../../Engine/Content/EngineSky/VolumetricClouds/m_SimpleVolumetricCloud.uexp" 647
"../../../Engine/Content/EngineSky/VolumetricClouds/m_SimpleVolumetricCloud_Inst.uasset" 648
"../../../Engine/Content/EngineSky/VolumetricClouds/m_SimpleVolumetricCloud_Inst.uexp" 649
"../../../Engine/Content/EngineResources/FilmGrains/Marcie_Grain_v3_128_M2_000.uasset" 650
"../../../Engine/Content/EngineResources/FilmGrains/Marcie_Grain_v3_128_M2_000.uexp" 651
"../../../Engine/Content/EngineResources/WhiteSquareTexture.uasset" 652
"../../../Engine/Content/EngineResources/WhiteSquareTexture.uexp" 653
"../../../Engine/Content/EngineMaterials/Widget3DPassThrough.uasset" 654
"../../../Engine/Content/EngineMaterials/Widget3DPassThrough.uexp" 655
"../../../Engine/Content/EngineMaterials/Widget3DPassThrough_Translucent.uasset" 656
"../../../Engine/Content/EngineMaterials/Widget3DPassThrough_Translucent.uexp" 657
"../../../Engine/Content/EngineMaterials/Widget3DPassThrough_Translucent_OneSided.uasset" 658
"../../../Engine/Content/EngineMaterials/Widget3DPassThrough_Translucent_OneSided.uexp" 659
"../../../Engine/Content/EngineMaterials/Widget3DPassThrough_Opaque.uasset" 660
"../../../Engine/Content/EngineMaterials/Widget3DPassThrough_Opaque.uexp" 661
"../../../Engine/Content/EngineMaterials/Widget3DPassThrough_Opaque_OneSided.uasset" 662
"../../../Engine/Content/EngineMaterials/Widget3DPassThrough_Opaque_OneSided.uexp" 663
"../../../Engine/Content/EngineMaterials/Widget3DPassThrough_Masked_OneSided.uasset" 664
"../../../Engine/Content/EngineMaterials/Widget3DPassThrough_Masked_OneSided.uexp" 665
"../../../Engine/Content/EngineMaterials/Widget3DPassThrough_Masked.uasset" 666
"../../../Engine/Content/EngineMaterials/Widget3DPassThrough_Masked.uexp" 667
"../../../Engine/Content/EngineMaterials/STBlueNoise_vec2_128x128x64.uasset" 668
"../../../Engine/Content/EngineMaterials/STBlueNoise_vec2_128x128x64.uexp" 669
"../../../Engine/Content/EngineMaterials/STBlueNoise_scalar_128x128x64.uasset" 670
"../../../Engine/Content/EngineMaterials/STBlueNoise_scalar_128x128x64.uexp" 671
"../../../Engine/Content/EngineMaterials/RemoveSurfaceMaterial.uasset" 672
"../../../Engine/Content/EngineMaterials/RemoveSurfaceMaterial.uexp" 673
"../../../Engine/Content/EngineMaterials/DefaultCalibrationGrayscale.uasset" 674
"../../../Engine/Content/EngineMaterials/DefaultCalibrationGrayscale.uexp" 675
"../../../Engine/Content/EngineMaterials/PPM_DefaultCalibrationGrayscale.uasset" 676
"../../../Engine/Content/EngineMaterials/PPM_DefaultCalibrationGrayscale.uexp" 677
"../../../Engine/Content/EngineMaterials/DefaultCalibrationColor.uasset" 678
"../../../Engine/Content/EngineMaterials/DefaultCalibrationColor.uexp" 679
"../../../Engine/Content/EngineMaterials/PPM_DefaultCalibrationColor.uasset" 680
"../../../Engine/Content/EngineMaterials/PPM_DefaultCalibrationColor.uexp" 681
"../../../Engine/Content/EngineMaterials/PhAT_JointLimitMaterial.uasset" 682
"../../../Engine/Content/EngineMaterials/PhAT_JointLimitMaterial.uexp" 683
"../../../Engine/Content/EngineMaterials/NaniteHiddenSectionMaterial.uasset" 684
"../../../Engine/Content/EngineMaterials/NaniteHiddenSectionMaterial.uexp" 685
"../../../Engine/Content/EngineMaterials/InvalidLightmapSettings.ubulk" 686
"../../../Engine/Content/EngineMaterials/InvalidLightmapSettings.uasset" 687
"../../../Engine/Content/EngineMaterials/InvalidLightmapSettings.uexp" 688
"../../../Engine/Content/EngineMaterials/M_InvalidLightmapSettings.uasset" 689
"../../../Engine/Content/EngineMaterials/M_InvalidLightmapSettings.uexp" 690
"../../../Engine/Content/EngineMaterials/GizmoMaterial.uasset" 691
"../../../Engine/Content/EngineMaterials/GizmoMaterial.uexp" 692
"../../../Engine/Content/EngineMaterials/BaseFlattenEmissiveMap_VT.uasset" 693
"../../../Engine/Content/EngineMaterials/BaseFlattenEmissiveMap_VT.uexp" 694
"../../../Engine/Content/EngineMaterials/BaseFlattenGrayscaleMap_VT.uasset" 695
"../../../Engine/Content/EngineMaterials/BaseFlattenGrayscaleMap_VT.uexp" 696
"../../../Engine/Content/EngineMaterials/BaseFlattenLinearColor_VT.uasset" 697
"../../../Engine/Content/EngineMaterials/BaseFlattenLinearColor_VT.uexp" 698
"../../../Engine/Content/EngineMaterials/Black_1x1_EXR_Texture_VT.uasset" 699
"../../../Engine/Content/EngineMaterials/Black_1x1_EXR_Texture_VT.uexp" 700
"../../../Engine/Content/EngineMaterials/BaseFlattenDiffuseMap_VT.uasset" 701
"../../../Engine/Content/EngineMaterials/BaseFlattenDiffuseMap_VT.uexp" 702
"../../../Engine/Content/EngineMaterials/BaseFlattenNormalMap_VT.uasset" 703
"../../../Engine/Content/EngineMaterials/BaseFlattenNormalMap_VT.uexp" 704
"../../../Engine/Content/EngineMaterials/FlattenMaterial_WS_Normal_VT.uasset" 705
"../../../Engine/Content/EngineMaterials/FlattenMaterial_WS_Normal_VT.uexp" 706
"../../../Engine/Content/EngineMaterials/FlattenMaterial_VT.uasset" 707
"../../../Engine/Content/EngineMaterials/FlattenMaterial_VT.uexp" 708
"../../../Engine/Content/EngineMaterials/BaseFlattenNormalMap.uasset" 709
"../../../Engine/Content/EngineMaterials/BaseFlattenNormalMap.uexp" 710
"../../../Engine/Content/EngineMaterials/BaseFlattenGrayscaleMap.uasset" 711
"../../../Engine/Content/EngineMaterials/BaseFlattenGrayscaleMap.uexp" 712
"../../../Engine/Content/EngineMaterials/BaseFlattenDiffuseMap.uasset" 713
"../../../Engine/Content/EngineMaterials/BaseFlattenDiffuseMap.uexp" 714
"../../../Engine/Content/Functions/Engine_MaterialFunctions02/PivotPainter2/Black_1x1_EXR_Texture.uasset" 715
"../../../Engine/Content/Functions/Engine_MaterialFunctions02/PivotPainter2/Black_1x1_EXR_Texture.uexp" 716
"../../../Engine/Content/EngineMaterials/BaseFlattenEmissiveMap.uasset" 717
"../../../Engine/Content/EngineMaterials/BaseFlattenEmissiveMap.uexp" 718
"../../../Engine/Content/EngineMaterials/BaseFlattenLinearColor.uasset" 719
"../../../Engine/Content/EngineMaterials/BaseFlattenLinearColor.uexp" 720
"../../../Engine/Content/EngineMaterials/FlattenMaterial.uasset" 721
"../../../Engine/Content/EngineMaterials/FlattenMaterial.uexp" 722
"../../../Engine/Content/EngineMaterials/DefaultWhiteGrid_Low.uasset" 723
"../../../Engine/Content/EngineMaterials/DefaultWhiteGrid_Low.uexp" 724
"../../../Engine/Content/EngineMaterials/EmissiveMeshMaterial.uasset" 725
"../../../Engine/Content/EngineMaterials/EmissiveMeshMaterial.uexp" 726
"../../../Engine/Content/EngineFonts/RobotoDistanceField.uasset" 727
"../../../Engine/Content/EngineFonts/RobotoDistanceField.uexp" 728
"../../../Engine/Content/EngineMaterials/DefaultTextMaterialOpaque.uasset" 729
"../../../Engine/Content/EngineMaterials/DefaultTextMaterialOpaque.uexp" 730
"../../../Engine/Content/EngineMaterials/DefaultDiffuse.ubulk" 731
"../../../Engine/Content/EngineMaterials/DefaultDiffuse.uasset" 732
"../../../Engine/Content/EngineMaterials/DefaultDiffuse.uexp" 733
"../../../Engine/Content/Functions/Engine_MaterialFunctions02/Utility/BreakOutFloat2Components.uasset" 734
"../../../Engine/Content/Functions/Engine_MaterialFunctions02/Utility/BreakOutFloat2Components.uexp" 735
"../../../Engine/Content/EngineMaterials/DefaultPostProcessMaterial.uasset" 736
"../../../Engine/Content/EngineMaterials/DefaultPostProcessMaterial.uexp" 737
"../../../Engine/Content/EngineMaterials/DefaultPhysicalMaterial.uasset" 738
"../../../Engine/Content/EngineMaterials/DefaultPhysicalMaterial.uexp" 739
"../../../Engine/Content/EngineMaterials/DefaultLightFunctionMaterial.uasset" 740
"../../../Engine/Content/EngineMaterials/DefaultLightFunctionMaterial.uexp" 741
"../../../Engine/Content/EngineMaterials/DefaultDestructiblePhysicalMaterial.uasset" 742
"../../../Engine/Content/EngineMaterials/DefaultDestructiblePhysicalMaterial.uexp" 743
"../../../Engine/Content/EngineMaterials/DefaultDeferredDecalMaterial.uasset" 744
"../../../Engine/Content/EngineMaterials/DefaultDeferredDecalMaterial.uexp" 745
"../../../Engine/Content/EngineMaterials/DefaultBloomKernel.uasset" 746
"../../../Engine/Content/EngineMaterials/DefaultBloomKernel.uexp" 747
"../../../Engine/Content/EngineFonts/Faces/RobotoLight.uexp" 748
"../../../Engine/Content/EngineFonts/Faces/RobotoLight.uasset" 749
"../../../Engine/Content/EngineFonts/Faces/RobotoLight.ufont" 750
"../../../Engine/Content/EngineFonts/Faces/RobotoBold.uexp" 751
"../../../Engine/Content/EngineFonts/Faces/RobotoBold.uasset" 752
"../../../Engine/Content/EngineFonts/Faces/RobotoBold.ufont" 753
"../../../Engine/Content/EngineFonts/Faces/RobotoRegular.uexp" 754
"../../../Engine/Content/EngineFonts/Faces/RobotoRegular.uasset" 755
"../../../Engine/Content/EngineFonts/Faces/RobotoRegular.ufont" 756
"../../../Engine/Content/EngineFonts/Faces/DroidSansFallback.uexp" 757
"../../../Engine/Content/EngineFonts/Faces/DroidSansFallback.uasset" 758
"../../../Engine/Content/EngineFonts/Faces/DroidSansFallback.ufont" 759
"../../../Engine/Content/EngineFonts/Faces/RobotoItalic.uexp" 760
"../../../Engine/Content/EngineFonts/Faces/RobotoItalic.uasset" 761
"../../../Engine/Content/EngineFonts/Faces/RobotoItalic.ufont" 762
"../../../Engine/Content/EngineFonts/Faces/RobotoBoldItalic.uexp" 763
"../../../Engine/Content/EngineFonts/Faces/RobotoBoldItalic.uasset" 764
"../../../Engine/Content/EngineFonts/Faces/RobotoBoldItalic.ufont" 765
"../../../Engine/Content/EngineFonts/Roboto.uasset" 766
"../../../Engine/Content/EngineFonts/Roboto.uexp" 767
"../../../Engine/Content/EngineDebugMaterials/VolumeToRender.uasset" 768
"../../../Engine/Content/EngineDebugMaterials/VolumeToRender.uexp" 769
"../../../Engine/Content/EngineDebugMaterials/M_VolumeRenderSphereTracePP.uasset" 770
"../../../Engine/Content/EngineDebugMaterials/M_VolumeRenderSphereTracePP.uexp" 771
"../../../Engine/Content/EngineDebugMaterials/M_SimpleUnlitTranslucent.uasset" 772
"../../../Engine/Content/EngineDebugMaterials/M_SimpleUnlitTranslucent.uexp" 773
"../../../Engine/Content/EngineDebugMaterials/DebugMeshMaterial.uasset" 774
"../../../Engine/Content/EngineDebugMaterials/DebugMeshMaterial.uexp" 775
"../../../Engine/Content/EngineDebugMaterials/DebugEditorMaterial.uasset" 776
"../../../Engine/Content/EngineDebugMaterials/DebugEditorMaterial.uexp" 777
"../../../Engine/Content/EngineDamageTypes/DmgTypeBP_Environmental.uasset" 778
"../../../Engine/Content/EngineDamageTypes/DmgTypeBP_Environmental.uexp" 779
"../../../Engine/Content/EditorResources/S_Terrain.ubulk" 780
"../../../Engine/Content/EditorResources/S_Terrain.uasset" 781
"../../../Engine/Content/EditorResources/S_Terrain.uexp" 782
"../../../Engine/Content/EditorResources/EmptyActor.uasset" 783
"../../../Engine/Content/EditorResources/EmptyActor.uexp" 784
"../../../Engine/Content/EditorResources/BSPVertex.uasset" 785
"../../../Engine/Content/EditorResources/BSPVertex.uexp" 786
"../../../Engine/Content/EditorResources/SequenceRecorder/RecordingIndicator.uasset" 787
"../../../Engine/Content/EditorResources/SequenceRecorder/RecordingIndicator.uexp" 788
"../../../Engine/Content/EditorResources/SequenceRecorder/Countdown.uasset" 789
"../../../Engine/Content/EditorResources/SequenceRecorder/Countdown.uexp" 790
"../../../Engine/Content/EditorMaterials/PreviewShadowIndicator.ubulk" 791
"../../../Engine/Content/EditorMaterials/PreviewShadowIndicator.uasset" 792
"../../../Engine/Content/EditorMaterials/PreviewShadowIndicator.uexp" 793
"../../../Engine/Content/EditorMaterials/PreviewShadowIndicatorMaterial.uasset" 794
"../../../Engine/Content/EditorMaterials/PreviewShadowIndicatorMaterial.uexp" 795
"../../../Engine/Content/EditorMaterials/PhAT_UnselectedMaterial.uasset" 796
"../../../Engine/Content/EditorMaterials/PhAT_UnselectedMaterial.uexp" 797
"../../../Engine/Content/EditorMaterials/PhAT_NoCollisionMaterial.uasset" 798
"../../../Engine/Content/EditorMaterials/PhAT_NoCollisionMaterial.uexp" 799
"../../../Engine/Content/EditorMaterials/Dataflow/DataflowVertexMaterial.uasset" 800
"../../../Engine/Content/EditorMaterials/Dataflow/DataflowVertexMaterial.uexp" 801
"../../../Engine/Content/EditorLandscapeResources/DefaultAlphaTexture.uasset" 802
"../../../Engine/Content/EditorLandscapeResources/DefaultAlphaTexture.uexp" 803
"../../../Engine/Content/EditorLandscapeResources/DataLayer.uasset" 804
"../../../Engine/Content/EditorLandscapeResources/DataLayer.uexp" 805
"../../../Engine/Content/EngineMaterials/DefaultMaterial.uasset" 806
"../../../Engine/Content/EngineMaterials/DefaultMaterial.uexp" 807
"../../../Engine/Content/BasicShapes/Sphere.ubulk" 808
"../../../Engine/Content/BasicShapes/Sphere.uasset" 809
"../../../Engine/Content/BasicShapes/Sphere.uexp" 810
"../../../Engine/Content/BasicShapes/Cylinder.ubulk" 811
"../../../Engine/Content/BasicShapes/Cylinder.uasset" 812
"../../../Engine/Content/BasicShapes/Cylinder.uexp" 813
"../../../Engine/Content/BasicShapes/Cube.ubulk" 814
"../../../Engine/Content/BasicShapes/Cube.uasset" 815
"../../../Engine/Content/BasicShapes/Cube.uexp" 816
"../../../Engine/Content/BasicShapes/Cone.ubulk" 817
"../../../Engine/Content/BasicShapes/Cone.uasset" 818
"../../../Engine/Content/BasicShapes/Cone.uexp" 819
"../../../Engine/Content/BasicShapes/BasicShapeMaterial.uasset" 820
"../../../Engine/Content/BasicShapes/BasicShapeMaterial.uexp" 821
"../../../Engine/Content/Animation/DefaultVariableFrameStrippingSettings.uasset" 822
"../../../Engine/Content/Animation/DefaultVariableFrameStrippingSettings.uexp" 823
"../../../Engine/Content/Animation/DefaultRecorderBoneCompression.uasset" 824
"../../../Engine/Content/Animation/DefaultRecorderBoneCompression.uexp" 825
"../../../Engine/Plugins/2D/Paper2D/Content/TranslucentUnlitSpriteMaterial.uasset" 826
"../../../Engine/Plugins/2D/Paper2D/Content/TranslucentUnlitSpriteMaterial.uexp" 827
"D:/Projects/Fluppy/Content/assets/level/T_TappyChicken_UI_01.ubulk" 828
"D:/Projects/Fluppy/Content/assets/level/T_TappyChicken_UI_01.uasset" 829
"D:/Projects/Fluppy/Content/assets/level/T_TappyChicken_UI_01.uexp" 830
"D:/Projects/Fluppy/Content/assets/level/T_TappyChicken_UI_01_Sprite_9.uasset" 831
"D:/Projects/Fluppy/Content/assets/level/T_TappyChicken_UI_01_Sprite_9.uexp" 832
"D:/Projects/Fluppy/Content/assets/level/T_TappyChicken_UI_01_Sprite_8.uasset" 833
"D:/Projects/Fluppy/Content/assets/level/T_TappyChicken_UI_01_Sprite_8.uexp" 834
"D:/Projects/Fluppy/Content/assets/level/T_TappyChicken_UI_01_Sprite_7.uasset" 835
"D:/Projects/Fluppy/Content/assets/level/T_TappyChicken_UI_01_Sprite_7.uexp" 836
"D:/Projects/Fluppy/Content/assets/level/T_TappyChicken_UI_01_Sprite_6.uasset" 837
"D:/Projects/Fluppy/Content/assets/level/T_TappyChicken_UI_01_Sprite_6.uexp" 838
"D:/Projects/Fluppy/Content/assets/level/T_TappyChicken_UI_01_Sprite_5.uasset" 839
"D:/Projects/Fluppy/Content/assets/level/T_TappyChicken_UI_01_Sprite_5.uexp" 840
"D:/Projects/Fluppy/Content/assets/level/T_TappyChicken_UI_01_Sprite_4.uasset" 841
"D:/Projects/Fluppy/Content/assets/level/T_TappyChicken_UI_01_Sprite_4.uexp" 842
"D:/Projects/Fluppy/Content/assets/level/T_TappyChicken_UI_01_Sprite_20.uasset" 843
"D:/Projects/Fluppy/Content/assets/level/T_TappyChicken_UI_01_Sprite_20.uexp" 844
"D:/Projects/Fluppy/Content/assets/level/T_TappyChicken_UI_01_Sprite_19.uasset" 845
"D:/Projects/Fluppy/Content/assets/level/T_TappyChicken_UI_01_Sprite_19.uexp" 846
"D:/Projects/Fluppy/Content/assets/level/T_TappyChicken_UI_01_Sprite_18.uasset" 847
"D:/Projects/Fluppy/Content/assets/level/T_TappyChicken_UI_01_Sprite_18.uexp" 848
"D:/Projects/Fluppy/Content/assets/level/T_TappyChicken_UI_01_Sprite_17.uasset" 849
"D:/Projects/Fluppy/Content/assets/level/T_TappyChicken_UI_01_Sprite_17.uexp" 850
"D:/Projects/Fluppy/Content/assets/level/T_TappyChicken_UI_01_Sprite_16.uasset" 851
"D:/Projects/Fluppy/Content/assets/level/T_TappyChicken_UI_01_Sprite_16.uexp" 852
"D:/Projects/Fluppy/Content/assets/level/T_TappyChicken_UI_01_Sprite_15.uasset" 853
"D:/Projects/Fluppy/Content/assets/level/T_TappyChicken_UI_01_Sprite_15.uexp" 854
"D:/Projects/Fluppy/Content/assets/level/T_TappyChicken_UI_01_Sprite_14.uasset" 855
"D:/Projects/Fluppy/Content/assets/level/T_TappyChicken_UI_01_Sprite_14.uexp" 856
"D:/Projects/Fluppy/Content/assets/level/T_TappyChicken_UI_01_Sprite_13.uasset" 857
"D:/Projects/Fluppy/Content/assets/level/T_TappyChicken_UI_01_Sprite_13.uexp" 858
"D:/Projects/Fluppy/Content/assets/level/T_TappyChicken_UI_01_Sprite_12.uasset" 859
"D:/Projects/Fluppy/Content/assets/level/T_TappyChicken_UI_01_Sprite_12.uexp" 860
"D:/Projects/Fluppy/Content/assets/level/T_TappyChicken_UI_01_Sprite_11.uasset" 861
"D:/Projects/Fluppy/Content/assets/level/T_TappyChicken_UI_01_Sprite_11.uexp" 862
"D:/Projects/Fluppy/Content/assets/level/T_TappyChicken_UI_01_Sprite_10.uasset" 863
"D:/Projects/Fluppy/Content/assets/level/T_TappyChicken_UI_01_Sprite_10.uexp" 864
"D:/Projects/Fluppy/Content/assets/level/T_TappyChicken_UI_01_Sprite_1.uasset" 865
"D:/Projects/Fluppy/Content/assets/level/T_TappyChicken_UI_01_Sprite_1.uexp" 866
"D:/Projects/Fluppy/Content/assets/level/T_TappyChicken_UI_01_Sprite_0.uasset" 867
"D:/Projects/Fluppy/Content/assets/level/T_TappyChicken_UI_01_Sprite_0.uexp" 868
"D:/Projects/Fluppy/Content/assets/character/T_TappyChicken_01.ubulk" 869
"D:/Projects/Fluppy/Content/assets/character/T_TappyChicken_01.uasset" 870
"D:/Projects/Fluppy/Content/assets/character/T_TappyChicken_01.uexp" 871
"D:/Projects/Fluppy/Content/assets/character/T_TappyChicken_01_Sprite_0.uasset" 872
"D:/Projects/Fluppy/Content/assets/character/T_TappyChicken_01_Sprite_0.uexp" 873
"D:/Projects/Fluppy/Content/assets/character/T_TappyChicken_01_Sprite_1.uasset" 874
"D:/Projects/Fluppy/Content/assets/character/T_TappyChicken_01_Sprite_1.uexp" 875
"D:/Projects/Fluppy/Content/assets/character/T_TappyChicken_01_Sprite_2.uasset" 876
"D:/Projects/Fluppy/Content/assets/character/T_TappyChicken_01_Sprite_2.uexp" 877
"D:/Projects/Fluppy/Content/assets/character/fly_bird.uasset" 878
"D:/Projects/Fluppy/Content/assets/character/fly_bird.uexp" 879
"../../../Engine/Content/Functions/Engine_MaterialFunctions01/Shading/PowerToRoughness.uasset" 880
"../../../Engine/Content/Functions/Engine_MaterialFunctions01/Shading/PowerToRoughness.uexp" 881
"../../../Engine/Content/Functions/Engine_MaterialFunctions01/Shading/ConvertFromDiffSpec.uasset" 882
"../../../Engine/Content/Functions/Engine_MaterialFunctions01/Shading/ConvertFromDiffSpec.uexp" 883
"../../../Engine/Content/EngineMaterials/Substrate/Volume/SubstrateSimpleVolumeLUT3D.uasset" 884
"../../../Engine/Content/EngineMaterials/Substrate/Volume/SubstrateSimpleVolumeLUT3D.uexp" 885
"../../../Engine/Content/EngineMaterials/Substrate/Volume/SubstrateSimpleVolumeEnvLUT3D.uasset" 886
"../../../Engine/Content/EngineMaterials/Substrate/Volume/SubstrateSimpleVolumeEnvLUT3D.uexp" 887
"../../../Engine/Content/EngineMaterials/Substrate/GLints2/AGlintTex2dArray2.uasset" 888
"../../../Engine/Content/EngineMaterials/Substrate/GLints2/AGlintTex2dArray2.uexp" 889
"../../../Engine/Content/EngineMaterials/Substrate/GLints/AGlintTex2dArray.uasset" 890
"../../../Engine/Content/EngineMaterials/Substrate/GLints/AGlintTex2dArray.uexp" 891
"../../../Engine/Content/Maps/Entry_BuiltData.uasset" 892
"../../../Engine/Content/Maps/Entry_BuiltData.uexp" 893
"../../../Engine/Content/Maps/Entry.uexp" 894
"../../../Engine/Content/Maps/Entry.umap" 895
"D:/Projects/Fluppy/Content/src/menu_BP.uasset" 896
"D:/Projects/Fluppy/Content/src/menu_BP.uexp" 897
"D:/Projects/Fluppy/Content/src/menu_mode_bp.uasset" 898
"D:/Projects/Fluppy/Content/src/menu_mode_bp.uexp" 899
"D:/Projects/Fluppy/Content/Maps/Menu.uexp" 900
"D:/Projects/Fluppy/Content/Maps/Menu.umap" 901
"D:/Projects/Fluppy/Content/assets/level/log_sprite_1.uasset" 902
"D:/Projects/Fluppy/Content/assets/level/log_sprite_1.uexp" 903
"D:/Projects/Fluppy/Content/assets/level/log_sprite_2.uasset" 904
"D:/Projects/Fluppy/Content/assets/level/log_sprite_2.uexp" 905
"D:/Projects/Fluppy/Content/assets/character/T_TappyChicken_01_Sprite_3.uasset" 906
"D:/Projects/Fluppy/Content/assets/character/T_TappyChicken_01_Sprite_3.uexp" 907
"D:/Projects/Fluppy/Content/assets/character/dead.uasset" 908
"D:/Projects/Fluppy/Content/assets/character/dead.uexp" 909
"D:/Projects/Fluppy/Content/assets/sfx/SFX_Score_01.ubulk" 910
"D:/Projects/Fluppy/Content/assets/sfx/SFX_Score_01.uasset" 911
"D:/Projects/Fluppy/Content/assets/sfx/SFX_Score_01.uexp" 912
"D:/Projects/Fluppy/Content/src/high_score_save_BP.uasset" 913
"D:/Projects/Fluppy/Content/src/high_score_save_BP.uexp" 914
"D:/Projects/Fluppy/Content/assets/sfx/SFX_FlapWing_02.ubulk" 915
"D:/Projects/Fluppy/Content/assets/sfx/SFX_FlapWing_02.uasset" 916
"D:/Projects/Fluppy/Content/assets/sfx/SFX_FlapWing_02.uexp" 917
"D:/Projects/Fluppy/Content/assets/sfx/SFX_FlapWing_01.ubulk" 918
"D:/Projects/Fluppy/Content/assets/sfx/SFX_FlapWing_01.uasset" 919
"D:/Projects/Fluppy/Content/assets/sfx/SFX_FlapWing_01.uexp" 920
"D:/Projects/Fluppy/Content/assets/sfx/SFX_FlapWing_03.ubulk" 921
"D:/Projects/Fluppy/Content/assets/sfx/SFX_FlapWing_03.uasset" 922
"D:/Projects/Fluppy/Content/assets/sfx/SFX_FlapWing_03.uexp" 923
"D:/Projects/Fluppy/Content/assets/sfx/SFX_FlapWing_04.ubulk" 924
"D:/Projects/Fluppy/Content/assets/sfx/SFX_FlapWing_04.uasset" 925
"D:/Projects/Fluppy/Content/assets/sfx/SFX_FlapWing_04.uexp" 926
"D:/Projects/Fluppy/Content/assets/sfx/SFX_FlapWing_01_Cue.uasset" 927
"D:/Projects/Fluppy/Content/assets/sfx/SFX_FlapWing_01_Cue.uexp" 928
"D:/Projects/Fluppy/Content/src/player_hud_widget.uasset" 929
"D:/Projects/Fluppy/Content/src/player_hud_widget.uexp" 930
"D:/Projects/Fluppy/Content/src/game_end_widget.uasset" 931
"D:/Projects/Fluppy/Content/src/game_end_widget.uexp" 932
"D:/Projects/Fluppy/Content/assets/sfx/SFX_HitObstacle_01.ubulk" 933
"D:/Projects/Fluppy/Content/assets/sfx/SFX_HitObstacle_01.uasset" 934
"D:/Projects/Fluppy/Content/assets/sfx/SFX_HitObstacle_01.uexp" 935
"D:/Projects/Fluppy/Content/src/chicken_BP.uasset" 936
"D:/Projects/Fluppy/Content/src/chicken_BP.uexp" 937
"D:/Projects/Fluppy/Content/src/log_BP.uasset" 938
"D:/Projects/Fluppy/Content/src/log_BP.uexp" 939
"D:/Projects/Fluppy/Content/src/log_pawner_BP.uasset" 940
"D:/Projects/Fluppy/Content/src/log_pawner_BP.uexp" 941
"D:/Projects/Fluppy/Content/src/game_mode_BP.uasset" 942
"D:/Projects/Fluppy/Content/src/game_mode_BP.uexp" 943
"../../../Engine/Content/EngineMaterials/BlendFunc_DefBlend.uasset" 944
"../../../Engine/Content/EngineMaterials/BlendFunc_DefBlend.uexp" 945
"../../../Engine/Content/OpenWorldTemplate/LandscapeMaterial/T_GridChecker_A.ubulk" 946
"../../../Engine/Content/OpenWorldTemplate/LandscapeMaterial/T_GridChecker_A.uasset" 947
"../../../Engine/Content/OpenWorldTemplate/LandscapeMaterial/T_GridChecker_A.uexp" 948
"../../../Engine/Content/EngineMaterials/BlendFunc_DefBase.uasset" 949
"../../../Engine/Content/EngineMaterials/BlendFunc_DefBase.uexp" 950
"../../../Engine/Content/Functions/Engine_MaterialFunctions03/Blends/Blend_Overlay.uasset" 951
"../../../Engine/Content/Functions/Engine_MaterialFunctions03/Blends/Blend_Overlay.uexp" 952
"../../../Engine/Content/Functions/Engine_MaterialFunctions01/Gradient/LinearGradient.uasset" 953
"../../../Engine/Content/Functions/Engine_MaterialFunctions01/Gradient/LinearGradient.uexp" 954
"../../../Engine/Content/Functions/Engine_MaterialFunctions01/ImageAdjustment/CheapContrast.uasset" 955
"../../../Engine/Content/Functions/Engine_MaterialFunctions01/ImageAdjustment/CheapContrast.uexp" 956
"../../../Engine/Content/OpenWorldTemplate/LandscapeMaterial/MF_ProcGrid.uasset" 957
"../../../Engine/Content/OpenWorldTemplate/LandscapeMaterial/MF_ProcGrid.uexp" 958
"../../../Engine/Content/OpenWorldTemplate/LandscapeMaterial/M_ProcGrid.uasset" 959
"../../../Engine/Content/OpenWorldTemplate/LandscapeMaterial/M_ProcGrid.uexp" 960
"../../../Engine/Content/OpenWorldTemplate/LandscapeMaterial/MI_ProcGrid.uasset" 961
"../../../Engine/Content/OpenWorldTemplate/LandscapeMaterial/MI_ProcGrid.uexp" 962
"../../../Engine/Content/EngineSky/T_Sky_Stars.ubulk" 963
"../../../Engine/Content/EngineSky/T_Sky_Stars.uasset" 964
"../../../Engine/Content/EngineSky/T_Sky_Stars.uexp" 965
"../../../Engine/Content/EngineSky/T_Sky_Clouds_M.ubulk" 966
"../../../Engine/Content/EngineSky/T_Sky_Clouds_M.uasset" 967
"../../../Engine/Content/EngineSky/T_Sky_Clouds_M.uexp" 968
"../../../Engine/Content/EngineSky/T_Sky_Blue.ubulk" 969
"../../../Engine/Content/EngineSky/T_Sky_Blue.uasset" 970
"../../../Engine/Content/EngineSky/T_Sky_Blue.uexp" 971
"../../../Engine/Content/EngineSky/M_Sky_Panning_Clouds2.uasset" 972
"../../../Engine/Content/EngineSky/M_Sky_Panning_Clouds2.uexp" 973
"../../../Engine/Content/EngineSky/SM_SkySphere.ubulk" 974
"../../../Engine/Content/EngineSky/SM_SkySphere.uasset" 975
"../../../Engine/Content/EngineSky/SM_SkySphere.uexp" 976
"../../../Engine/Content/MapTemplates/SM_Template_Map_Floor.ubulk" 977
"../../../Engine/Content/MapTemplates/SM_Template_Map_Floor.uasset" 978
"../../../Engine/Content/MapTemplates/SM_Template_Map_Floor.uexp" 979
"../../../Engine/Content/BasicShapes/Plane.ubulk" 980
"../../../Engine/Content/BasicShapes/Plane.uasset" 981
"../../../Engine/Content/BasicShapes/Plane.uexp" 982
"D:/Projects/Fluppy/Content/assets/level/bg.uasset" 983
"D:/Projects/Fluppy/Content/assets/level/bg.uexp" 984
"D:/Projects/Fluppy/Content/assets/level/bg_Mat.uasset" 985
"D:/Projects/Fluppy/Content/assets/level/bg_Mat.uexp" 986
"D:/Projects/Fluppy/Content/src/bg_BP.uasset" 987
"D:/Projects/Fluppy/Content/src/bg_BP.uexp" 988
"../../../Engine/Content/EngineSky/M_SimpleSkyDome.uasset" 989
"../../../Engine/Content/EngineSky/M_SimpleSkyDome.uexp" 990
"D:/Projects/Fluppy/Content/Maps/Level.uexp" 991
"D:/Projects/Fluppy/Content/Maps/Level.umap" 992
